[22:11:31] [Server thread/INFO]: Starting minecraft server version 1.8.8
[22:11:31] [Server thread/INFO]: Loading properties
[22:11:31] [Server thread/INFO]: Default game type: SURVIVAL
[22:11:31] [Server thread/INFO]: This server is running PandaSpigot version git-PandaSpigot-119 (MC: 1.8.8) (Implementing API version 1.8.8-R0.1-SNAPSHOT) (Git: 858ab0f)
[22:11:31] [Server thread/INFO]: Debug logging is disabled
[22:11:31] [Server thread/INFO]: Server Ping Player Sample Count: 12

[22:11:31] [Server thread/INFO]: Spigot Timings: true - Verbose: true - Interval: 5m - Length: 60m
[22:11:31] [Server thread/INFO]: Using 4 threads for Netty based IO
[22:11:31] [Server thread/INFO]: Data value allowed items: 
[22:11:31] [Server thread/INFO]: Generating keypair
[22:11:31] [Server thread/INFO]: Starting Minecraft server on *:25565
[22:11:32] [Server thread/INFO]: Using default channel type
[22:11:32] [Server thread/INFO]: Set PluginClassLoader as parallel capable
[22:11:32] [Server thread/INFO]: [SimpleTpa] Loading SimpleTpa v6.4
[22:11:32] [Server thread/INFO]: [SimpleHomes] Loading SimpleHomes v2.2
[22:11:32] [Server thread/INFO]: [WorldEdit] Loading WorldEdit v6.1;no_git_id
[22:11:32] [Server thread/INFO]: [ViaVersion] Loading ViaVersion v5.0.0
[22:11:32] [Server thread/INFO]: [ViaVersion] ViaVersion 5.0.0 is now loaded. Registering protocol transformers and injecting...
[22:11:32] [Via-Mappingloader-0/INFO]: [ViaVersion] Loading block connection mappings ...
[22:11:32] [Server thread/INFO]: [ViaBackwards] Loading translations...
[22:11:32] [Server thread/INFO]: [ViaBackwards] Registering protocols...
[22:11:33] [Server thread/INFO]: [ViaRewind] Registering protocols...
[22:11:33] [Server thread/INFO]: [ViaBackwards] Loading ViaBackwards v5.0.0
[22:11:33] [Server thread/INFO]: [ViaRewind] Loading ViaRewind v4.0.0
[22:11:33] [Server thread/INFO]: [ViaRewind-Legacy-Support] Loading ViaRewind-Legacy-Support v1.5.1
[22:11:33] [Server thread/INFO]: [ViaRewind] Enabling ViaRewind v4.0.0
[22:11:33] [Server thread/WARN]: **** SERVER IS RUNNING IN OFFLINE/INSECURE MODE!
[22:11:33] [Server thread/WARN]: The server will make no attempt to authenticate usernames. Beware.
[22:11:33] [Server thread/WARN]: Whilst this makes it possible to use BungeeCord, unless access to your server is properly restricted, it also opens up the ability for hackers to connect with any username they choose.
[22:11:33] [Server thread/WARN]: Please see http://www.spigotmc.org/wiki/firewall-guide/ for further information.
[22:11:33] [Server thread/WARN]: To change this, set "online-mode" to "true" in the server.properties file.
[22:11:33] [Server thread/INFO]: **** Beginning UUID conversion, this may take A LONG time ****
[22:11:33] [Server thread/INFO]: Preparing level "world"
[22:11:33] [Server thread/INFO]: -------- World Settings For [world] --------
[22:11:33] [Server thread/INFO]: Chunks to Grow per Tick: 650
[22:11:33] [Server thread/INFO]: Clear tick list: false
[22:11:33] [Server thread/INFO]: Experience Merge Radius: 3.0
[22:11:33] [Server thread/INFO]: Mob Spawn Range: 4
[22:11:33] [Server thread/INFO]: Anti X-Ray: true
[22:11:33] [Server thread/INFO]: 	Engine Mode: 1
[22:11:33] [Server thread/INFO]: 	Hidden Blocks: [14, 15, 16, 21, 48, 49, 54, 56, 73, 74, 82, 129, 130]
[22:11:33] [Server thread/INFO]: 	Replace Blocks: [1, 5]
[22:11:33] [Server thread/INFO]: Nerfing mobs spawned from spawners: false
[22:11:33] [Server thread/INFO]: Cactus Growth Modifier: 100%
[22:11:33] [Server thread/INFO]: Cane Growth Modifier: 100%
[22:11:33] [Server thread/INFO]: Melon Growth Modifier: 100%
[22:11:33] [Server thread/INFO]: Mushroom Growth Modifier: 100%
[22:11:33] [Server thread/INFO]: Pumpkin Growth Modifier: 100%
[22:11:33] [Server thread/INFO]: Sapling Growth Modifier: 100%
[22:11:33] [Server thread/INFO]: Wheat Growth Modifier: 100%
[22:11:33] [Server thread/INFO]: NetherWart Growth Modifier: 100%
[22:11:33] [Server thread/INFO]: Entity Activation Range: An 32 / Mo 32 / Mi 16
[22:11:33] [Server thread/INFO]: Entity Tracking Range: Pl 48 / An 48 / Mo 48 / Mi 32 / Other 64
[22:11:33] [Server thread/INFO]: Hopper Transfer: 8 Hopper Check: 8 Hopper Amount: 1
[22:11:33] [Server thread/INFO]: Random Lighting Updates: false
[22:11:33] [Server thread/INFO]: Structure Info Saving: true
[22:11:33] [Server thread/INFO]: Sending up to 10 chunks per packet
[22:11:33] [Server thread/INFO]: Max Entity Collisions: 8
[22:11:33] [Server thread/INFO]: Custom Map Seeds:  Village: 10387312 Feature: 14357617
[22:11:33] [Server thread/INFO]: Max TNT Explosions: 100
[22:11:33] [Server thread/INFO]: Tile Max Tick Time: 50ms Entity max Tick Time: 50ms
[22:11:33] [Server thread/INFO]: Item Despawn Rate: 6000
[22:11:33] [Server thread/INFO]: Item Merge Radius: 2.5
[22:11:33] [Server thread/INFO]: Arrow Despawn Rate: 1200
[22:11:33] [Server thread/INFO]: Allow Zombie Pigmen to spawn from portal blocks: true
[22:11:33] [Server thread/INFO]: View Distance: 10
[22:11:33] [Server thread/INFO]: Zombie Aggressive Towards Villager: true
[22:11:33] [Server thread/INFO]: -------- World Settings For [world] --------
[22:11:33] [Server thread/INFO]: Keep spawn chunk loaded: true
[22:11:33] [Server thread/INFO]: WorldServer TickNextTick cap set at 10000
[22:11:33] [Server thread/INFO]: WorldServer TickNextTickList cap always processes redstone: false
[22:11:33] [Server thread/INFO]: World async lighting: false
[22:11:33] [Server thread/INFO]: Squids will spawn between Y: 45.0 and Y: 63.0
[22:11:33] [Server thread/INFO]: Max height for cactus growth 3. Max height for reed growth 3
[22:11:33] [Server thread/INFO]: Living Entity Despawn Ranges:  Soft: 32 Hard: 128
[22:11:33] [Server thread/INFO]: Player blocking damage multiplier set to 0.5
[22:11:33] [Server thread/INFO]: Remove invalid mob spawner tile entities: true
[22:11:33] [Server thread/INFO]: Water over lava flow speed: 5
[22:11:33] [Server thread/INFO]: Fix TNT cannons: false
[22:11:33] [Server thread/INFO]: Allow undead horse types to be leashed: false
[22:11:33] [Server thread/INFO]: -------- World Settings For [world_nether] --------
[22:11:33] [Server thread/INFO]: Chunks to Grow per Tick: 650
[22:11:33] [Server thread/INFO]: Clear tick list: false
[22:11:33] [Server thread/INFO]: Experience Merge Radius: 3.0
[22:11:33] [Server thread/INFO]: Mob Spawn Range: 4
[22:11:33] [Server thread/INFO]: Anti X-Ray: true
[22:11:33] [Server thread/INFO]: 	Engine Mode: 1
[22:11:33] [Server thread/INFO]: 	Hidden Blocks: [14, 15, 16, 21, 48, 49, 54, 56, 73, 74, 82, 129, 130]
[22:11:33] [Server thread/INFO]: 	Replace Blocks: [1, 5]
[22:11:33] [Server thread/INFO]: Nerfing mobs spawned from spawners: false
[22:11:33] [Server thread/INFO]: Cactus Growth Modifier: 100%
[22:11:33] [Server thread/INFO]: Cane Growth Modifier: 100%
[22:11:33] [Server thread/INFO]: Melon Growth Modifier: 100%
[22:11:33] [Server thread/INFO]: Mushroom Growth Modifier: 100%
[22:11:33] [Server thread/INFO]: Pumpkin Growth Modifier: 100%
[22:11:33] [Server thread/INFO]: Sapling Growth Modifier: 100%
[22:11:33] [Server thread/INFO]: Wheat Growth Modifier: 100%
[22:11:33] [Server thread/INFO]: NetherWart Growth Modifier: 100%
[22:11:33] [Server thread/INFO]: Entity Activation Range: An 32 / Mo 32 / Mi 16
[22:11:33] [Server thread/INFO]: Entity Tracking Range: Pl 48 / An 48 / Mo 48 / Mi 32 / Other 64
[22:11:33] [Server thread/INFO]: Hopper Transfer: 8 Hopper Check: 8 Hopper Amount: 1
[22:11:33] [Server thread/INFO]: Random Lighting Updates: false
[22:11:33] [Server thread/INFO]: Structure Info Saving: true
[22:11:33] [Server thread/INFO]: Sending up to 10 chunks per packet
[22:11:33] [Server thread/INFO]: Max Entity Collisions: 8
[22:11:33] [Server thread/INFO]: Custom Map Seeds:  Village: 10387312 Feature: 14357617
[22:11:33] [Server thread/INFO]: Max TNT Explosions: 100
[22:11:33] [Server thread/INFO]: Tile Max Tick Time: 50ms Entity max Tick Time: 50ms
[22:11:33] [Server thread/INFO]: Item Despawn Rate: 6000
[22:11:33] [Server thread/INFO]: Item Merge Radius: 2.5
[22:11:33] [Server thread/INFO]: Arrow Despawn Rate: 1200
[22:11:33] [Server thread/INFO]: Allow Zombie Pigmen to spawn from portal blocks: true
[22:11:33] [Server thread/INFO]: View Distance: 10
[22:11:33] [Server thread/INFO]: Zombie Aggressive Towards Villager: true
[22:11:33] [Server thread/INFO]: -------- World Settings For [world_nether] --------
[22:11:33] [Server thread/INFO]: Keep spawn chunk loaded: true
[22:11:33] [Server thread/INFO]: WorldServer TickNextTick cap set at 10000
[22:11:33] [Server thread/INFO]: WorldServer TickNextTickList cap always processes redstone: false
[22:11:33] [Server thread/INFO]: World async lighting: false
[22:11:33] [Server thread/INFO]: Squids will spawn between Y: 45.0 and Y: 63.0
[22:11:33] [Server thread/INFO]: Max height for cactus growth 3. Max height for reed growth 3
[22:11:33] [Server thread/INFO]: Living Entity Despawn Ranges:  Soft: 32 Hard: 128
[22:11:33] [Server thread/INFO]: Player blocking damage multiplier set to 0.5
[22:11:33] [Server thread/INFO]: Remove invalid mob spawner tile entities: true
[22:11:33] [Server thread/INFO]: Water over lava flow speed: 5
[22:11:33] [Server thread/INFO]: Fix TNT cannons: false
[22:11:33] [Server thread/INFO]: Allow undead horse types to be leashed: false
[22:11:33] [Server thread/INFO]: -------- World Settings For [world_the_end] --------
[22:11:33] [Server thread/INFO]: Chunks to Grow per Tick: 650
[22:11:33] [Server thread/INFO]: Clear tick list: false
[22:11:33] [Server thread/INFO]: Experience Merge Radius: 3.0
[22:11:33] [Server thread/INFO]: Mob Spawn Range: 4
[22:11:33] [Server thread/INFO]: Anti X-Ray: true
[22:11:33] [Server thread/INFO]: 	Engine Mode: 1
[22:11:33] [Server thread/INFO]: 	Hidden Blocks: [14, 15, 16, 21, 48, 49, 54, 56, 73, 74, 82, 129, 130]
[22:11:33] [Server thread/INFO]: 	Replace Blocks: [1, 5]
[22:11:33] [Server thread/INFO]: Nerfing mobs spawned from spawners: false
[22:11:33] [Server thread/INFO]: Cactus Growth Modifier: 100%
[22:11:33] [Server thread/INFO]: Cane Growth Modifier: 100%
[22:11:33] [Server thread/INFO]: Melon Growth Modifier: 100%
[22:11:33] [Server thread/INFO]: Mushroom Growth Modifier: 100%
[22:11:33] [Server thread/INFO]: Pumpkin Growth Modifier: 100%
[22:11:33] [Server thread/INFO]: Sapling Growth Modifier: 100%
[22:11:33] [Server thread/INFO]: Wheat Growth Modifier: 100%
[22:11:33] [Server thread/INFO]: NetherWart Growth Modifier: 100%
[22:11:33] [Server thread/INFO]: Entity Activation Range: An 32 / Mo 32 / Mi 16
[22:11:33] [Server thread/INFO]: Entity Tracking Range: Pl 48 / An 48 / Mo 48 / Mi 32 / Other 64
[22:11:33] [Server thread/INFO]: Hopper Transfer: 8 Hopper Check: 8 Hopper Amount: 1
[22:11:33] [Server thread/INFO]: Random Lighting Updates: false
[22:11:33] [Server thread/INFO]: Structure Info Saving: true
[22:11:33] [Server thread/INFO]: Sending up to 10 chunks per packet
[22:11:33] [Server thread/INFO]: Max Entity Collisions: 8
[22:11:33] [Server thread/INFO]: Custom Map Seeds:  Village: 10387312 Feature: 14357617
[22:11:33] [Server thread/INFO]: Max TNT Explosions: 100
[22:11:33] [Server thread/INFO]: Tile Max Tick Time: 50ms Entity max Tick Time: 50ms
[22:11:33] [Server thread/INFO]: Item Despawn Rate: 6000
[22:11:33] [Server thread/INFO]: Item Merge Radius: 2.5
[22:11:33] [Server thread/INFO]: Arrow Despawn Rate: 1200
[22:11:33] [Server thread/INFO]: Allow Zombie Pigmen to spawn from portal blocks: true
[22:11:33] [Server thread/INFO]: View Distance: 10
[22:11:33] [Server thread/INFO]: Zombie Aggressive Towards Villager: true
[22:11:33] [Server thread/INFO]: -------- World Settings For [world_the_end] --------
[22:11:33] [Server thread/INFO]: Keep spawn chunk loaded: true
[22:11:33] [Server thread/INFO]: WorldServer TickNextTick cap set at 10000
[22:11:33] [Server thread/INFO]: WorldServer TickNextTickList cap always processes redstone: false
[22:11:33] [Server thread/INFO]: World async lighting: false
[22:11:33] [Server thread/INFO]: Squids will spawn between Y: 45.0 and Y: 63.0
[22:11:33] [Server thread/INFO]: Max height for cactus growth 3. Max height for reed growth 3
[22:11:33] [Server thread/INFO]: Living Entity Despawn Ranges:  Soft: 32 Hard: 128
[22:11:33] [Server thread/INFO]: Player blocking damage multiplier set to 0.5
[22:11:33] [Server thread/INFO]: Remove invalid mob spawner tile entities: true
[22:11:33] [Server thread/INFO]: Water over lava flow speed: 5
[22:11:33] [Server thread/INFO]: Fix TNT cannons: false
[22:11:33] [Server thread/INFO]: Allow undead horse types to be leashed: false
[22:11:33] [Server thread/INFO]: Preparing start region for level 0 (Seed: -6623707928931058905)
[22:11:33] [Server thread/INFO]: Preparing start region for level 1 (Seed: -6623707928931058905)
[22:11:34] [Server thread/INFO]: Preparing start region for level 2 (Seed: -6623707928931058905)
[22:11:34] [Server thread/INFO]: [SimpleTpa] Enabling SimpleTpa v6.4
[22:11:34] [Server thread/INFO]: [SimpleTpa] If you need support contact me at https://discord.gg/SZUkza9
[22:11:34] [Server thread/INFO]: [SimpleTpa] Simple Tpa has been enabled on version 6.4
[22:11:34] [Server thread/INFO]: Enabled metrics. You may opt-out by changing plugins/bStats/config.yml
[22:11:34] [Server thread/INFO]: [SimpleHomes] Enabling SimpleHomes v2.2
[22:11:34] [Server thread/INFO]: [WorldEdit] Enabling WorldEdit v6.1;no_git_id
[22:11:34] [Server thread/INFO]: [WorldEdit] Default configuration file written: config.yml
[22:11:34] [Server thread/INFO]: WEPIF: Updated config file
[22:11:34] [Server thread/INFO]: WEPIF: Using the Bukkit Permissions API.
[22:11:34] [Server thread/INFO]: [WorldEdit] Using com.sk89q.worldedit.bukkit.adapter.impl.Spigot_v1_8_R3 as the Bukkit adapter
[22:11:34] [Server thread/INFO]: [ViaVersion] Enabling ViaVersion v5.0.0
[22:11:34] [Server thread/INFO]: [ViaBackwards] Enabling ViaBackwards v5.0.0
[22:11:34] [Server thread/INFO]: [ViaRewind-Legacy-Support] Enabling ViaRewind-Legacy-Support v1.5.1
[22:11:34] [Server thread/INFO]: Server permissions file permissions.yml is empty, ignoring it
[22:11:34] [Server thread/INFO]: Done (1.743s)! For help, type "help" or "?"
[22:11:34] [Server thread/INFO]: Timings Reset
[22:11:34] [Server thread/INFO]: [ViaVersion] ViaVersion detected server version: 1.8.x (47)
[22:11:34] [Server thread/WARN]: [ViaVersion] This version of Minecraft is extremely outdated and support for it has reached its end of life. You will still be able to run Via on this Minecraft version, but we are unlikely to provide any further fixes or help with problems specific to legacy Minecraft versions. Please consider updating to give your players a better experience and to avoid issues that have long been fixed.
[22:11:34] [Craft Scheduler Thread - 1/INFO]: [ViaVersion] Finished mapping loading, shutting down loader executor!
[22:11:35] [Craft Scheduler Thread - 0/INFO]: [SimpleTpa] There is a new update available.
[22:11:35] [Craft Scheduler Thread - 0/INFO]: [SimpleTpa] There is a new update available:
[22:11:35] [Craft Scheduler Thread - 0/INFO]: [SimpleTpa] https://www.spigotmc.org/resources/simple-tpa.64270/
[22:11:35] [Server thread/WARN]: [ViaVersion] There is a newer plugin version available: 5.1.1, you're on: 5.0.0
[22:12:25] [User Authenticator #1/INFO]: UUID of player ChinmayM_3600 is d688be88-8641-3dbc-b5d9-b7c5d3992d11
[22:12:26] [Server thread/INFO]: ChinmayM_3600[/[0:0:0:0:0:0:0:1]:55022] logged in with entity id 95 at ([world]18.89663554969136, 105.42424534989694, 182.2757204872075)
[22:12:30] [Server thread/INFO]: ChinmayM_3600 issued server command: //wand
[22:13:05] [Server thread/INFO]: ChinmayM_3600 issued server command: //set redstone
[22:13:10] [Server thread/INFO]: ChinmayM_3600 issued server command: //undo
[22:13:16] [Server thread/INFO]: ChinmayM_3600 issued server command: //set redstoneblock
[22:15:32] [Server thread/INFO]: ChinmayM_3600 issued server command: //stack
[22:15:37] [Server thread/INFO]: ChinmayM_3600 issued server command: //stack up
[22:15:44] [Server thread/INFO]: ChinmayM_3600 issued server command: //stack 5 up
[22:15:52] [Server thread/INFO]: ChinmayM_3600 issued server command: //undo
[22:16:05] [Server thread/INFO]: ChinmayM_3600 issued server command: //stack 5 up
[22:16:12] [Server thread/INFO]: ChinmayM_3600 issued server command: //undo
[22:16:17] [Server thread/INFO]: ChinmayM_3600 issued server command: //stack 8 up
[22:17:37] [Server thread/INFO]: ChinmayM_3600 issued server command: //copy
[22:18:26] [Server thread/INFO]: ChinmayM_3600 issued server command: //replace air sprouce
[22:18:34] [Server thread/INFO]: ChinmayM_3600 issued server command: //replace air spruce
[22:18:39] [Server thread/INFO]: ChinmayM_3600 issued server command: //replace air spruceplank
[22:18:42] [Server thread/INFO]: ChinmayM_3600 issued server command: //replace air spruceplanka
[22:18:46] [Server thread/INFO]: ChinmayM_3600 issued server command: //replace air spruceplanks
[22:18:52] [Server thread/INFO]: ChinmayM_3600 issued server command: //replace air sprucewood
[22:18:57] [Server thread/INFO]: ChinmayM_3600 issued server command: //replace air sprucewoodplanks
[22:18:59] [Server thread/INFO]: ChinmayM_3600 issued server command: //replace air sprucewoodplank
[22:19:43] [Server thread/INFO]: ChinmayM_3600 lost connection: Disconnected
[22:19:43] [Server thread/INFO]: ChinmayM_3600 left the game.
[22:22:07] [User Authenticator #2/INFO]: UUID of player ChinmayM_3600 is d688be88-8641-3dbc-b5d9-b7c5d3992d11
[22:22:07] [Server thread/INFO]: ChinmayM_3600[/[0:0:0:0:0:0:0:1]:52092] logged in with entity id 689 at ([world]18.37139403182872, 99.72487476534394, 204.61869755725124)
[22:22:31] [Server thread/INFO]: ChinmayM_3600 issued server command: //replace air 5:1
[22:22:59] [Server thread/INFO]: ChinmayM_3600 issued server command: //stack 6 back
[22:23:20] [Server thread/INFO]: ChinmayM_3600 issued server command: //stack 4 back
[22:23:47] [Server thread/INFO]: ChinmayM_3600 issued server command: //set redstoneblock
[22:24:35] [Server thread/INFO]: ChinmayM_3600 lost connection: Timed out
[22:24:35] [Server thread/INFO]: ChinmayM_3600 left the game.
[22:29:52] [User Authenticator #3/INFO]: UUID of player ChinmayM_3600 is d688be88-8641-3dbc-b5d9-b7c5d3992d11
[22:29:52] [Server thread/INFO]: ChinmayM_3600[/[0:0:0:0:0:0:0:1]:45778] logged in with entity id 1354 at ([world]18.194820014732773, 105.36059694567287, 212.53931548275736)
[22:31:28] [Server thread/INFO]: ChinmayM_3600 issued server command: //replace air 5:1
[22:32:10] [Server thread/INFO]: ChinmayM_3600 issued server command: //stack 4 back
[22:32:37] [Server thread/INFO]: ChinmayM_3600 issued server command: //copy
[22:32:41] [Server thread/INFO]: ChinmayM_3600 issued server command: //past
[22:32:44] [Server thread/INFO]: ChinmayM_3600 issued server command: //paste
[22:33:08] [Server thread/INFO]: ChinmayM_3600 issued server command: //copy
[22:33:34] [Server thread/INFO]: ChinmayM_3600 issued server command: //stack 4 back
[22:33:37] [Server thread/INFO]: ChinmayM_3600 issued server command: //stack 4 back
[22:33:42] [Server thread/INFO]: ChinmayM_3600 issued server command: //stack 4 back
[22:34:11] [Server thread/INFO]: ChinmayM_3600 issued server command: //stack 7 back
[22:34:20] [Server thread/INFO]: ChinmayM_3600 issued server command: //stack 8 back
[22:34:25] [Server thread/INFO]: ChinmayM_3600 issued server command: //undo
[22:34:40] [Server thread/INFO]: ChinmayM_3600 issued server command: //stack 4 back
[22:34:44] [Server thread/INFO]: ChinmayM_3600 issued server command: //stack 4 back
[22:35:09] [Server thread/INFO]: ChinmayM_3600 issued server command: //paste
[22:35:20] [Server thread/INFO]: ChinmayM_3600 issued server command: //undo
[22:35:54] [Server thread/INFO]: ChinmayM_3600 issued server command: //paste
[22:36:02] [Server thread/INFO]: ChinmayM_3600 issued server command: //undo
[22:36:33] [Server thread/INFO]: ChinmayM_3600 issued server command: //paste
[22:36:38] [Server thread/INFO]: ChinmayM_3600 issued server command: //undo
[22:36:55] [Server thread/INFO]: ChinmayM_3600 issued server command: //paste
[22:37:00] [Server thread/INFO]: ChinmayM_3600 issued server command: //undo
[22:38:35] [Server thread/INFO]: ChinmayM_3600 lost connection: Timed out
[22:38:35] [Server thread/INFO]: ChinmayM_3600 left the game.
[22:52:17] [Thread-1/INFO]: Stopping server
