[2024/11/17 21:22:31]: §9          __             _       
[2024/11/17 21:22:31]: §9  _ __   / /  ___   __ _(_)_ __  
[2024/11/17 21:22:31]: §9 | '_ \ / /  / _ \ / _` | | '_ \ 
[2024/11/17 21:22:31]: §9 | | | / /__| (_) | (_| | | | | |
[2024/11/17 21:22:31]: §9 |_| |_\____/\___/ \__, |_|_| |_|
[2024/11/17 21:22:31]: §9                  |___/            
[2024/11/17 21:22:31]: §9 By: www.nickuc.com - V 10.3.27
[2024/11/17 21:22:31]: §9 
[2024/11/17 21:22:32]: §3[nLogin] [DEBUG] All settings were loaded in 147 ms.
[2024/11/17 21:22:32]: §3[nLogin] [DEBUG] Loading the messages_en.yml message file...
[2024/11/17 21:22:32]: §3[nLogin] [DEBUG] All plugin messages were loaded in 177 ms (languageByClient=false).
[2024/11/17 21:22:32]: §3[nLogin] [DEBUG] All proxy settings were loaded in 6 ms.
[2024/11/17 21:22:32]: §3[nLogin] [DEBUG] Loading database...
[2024/11/17 21:22:32]: §3[nLogin] [DEBUG] Starting logger filter...
[2024/11/17 21:22:37]: 
[2024/11/17 21:22:37]:  §bThank you so much for choosing nLogin! §4<3
[2024/11/17 21:22:37]: 
[2024/11/17 21:22:37]:  §4For your safety, please read the message below:
[2024/11/17 21:22:37]:   §cNever download nLogin from unknown sources.
[2024/11/17 21:22:37]:   §cA modified version may contain malicious software.
[2024/11/17 21:22:37]: 
[2024/11/17 21:22:37]:  §3Trusted sources:
[2024/11/17 21:22:37]:   §bwww.nickuc.com
[2024/11/17 21:22:37]:   §bwww.github.com/nickuc
[2024/11/17 21:22:37]:   §bOpeNLogin installer (from Spigot or GitHub)
[2024/11/17 21:22:37]: 
[2024/11/17 21:22:37]:  §3Official support channels:
[2024/11/17 21:22:37]:   §bDiscord group: §fwww.nickuc.com/discord
[2024/11/17 21:22:37]:   §bDocumentation: §fdocs.nickuc.com/nlogin/
[2024/11/17 21:22:37]:   §bEmail: §fsupport@nickuc.com
[2024/11/17 21:22:37]:   §bYouTube: §fyoutube.com/nickuc
[2024/11/17 21:22:37]: 
[2024/11/17 21:22:37]:  §eTo remove this warning, log in with "nlogin.admin" permission on the server
[2024/11/17 21:22:37]:  §eand click the "Setup plugin" button to configure your plugin.
[2024/11/17 21:22:37]: 
[2024/11/17 21:29:02]: §3[nLogin] [DEBUG] [SQLite] [UPDATE]: "UPDATE `nlogin` SET `last_name` = 'ChinmayM_3600', `unique_id` = d688be8886413dbcb5d9b7c5d3992d11,  `mojang_id` = null,  `bedrock_id` = null,  `password` = '$2a$10$bh95qRYccPDm1bqbB7dNfuKX/7Xl99X1pFxTF4u3JgsV9VskC9D3.', `last_ip` = '0:0:0:0:0:0:0:1%0', `creation_date` = 2024-11-17 16:39:50.521, `last_seen` = 2024-11-17 21:29:02.505, `email` = null, `discord` = null, `settings` = '{"settings":[{"value":"survival","key":"last-server"},{"value":"en","key":"language"}],"version":0}' WHERE `ai` = 1" (applied to [last_ip, last_seen, settings] columns)
[2024/11/17 21:29:02]: [nLogin] The user ChinmayM_3600 has successfully logged in.
[2024/11/17 21:29:30]: §3[nLogin] [DEBUG] [SQLite] [UPDATE]: "UPDATE `nlogin` SET `last_name` = 'ChinmayM_3600', `unique_id` = d688be8886413dbcb5d9b7c5d3992d11,  `mojang_id` = null,  `bedrock_id` = null,  `password` = '$2a$10$bh95qRYccPDm1bqbB7dNfuKX/7Xl99X1pFxTF4u3JgsV9VskC9D3.', `last_ip` = '0:0:0:0:0:0:0:1%0', `creation_date` = 2024-11-17 16:39:50.521, `last_seen` = 2024-11-17 21:29:30.313, `email` = null, `discord` = null, `settings` = '{"settings":[{"value":"survival","key":"last-server"},{"value":"en","key":"language"}],"version":0}' WHERE `ai` = 1" (applied to [last_seen, settings] columns)
[2024/11/17 21:30:18]: §3[nLogin] [DEBUG] [SQLite] [UPDATE]: "UPDATE `nlogin` SET `last_name` = 'ChinmayM_3600', `unique_id` = d688be8886413dbcb5d9b7c5d3992d11,  `mojang_id` = null,  `bedrock_id` = null,  `password` = '$2a$10$bh95qRYccPDm1bqbB7dNfuKX/7Xl99X1pFxTF4u3JgsV9VskC9D3.', `last_ip` = '0:0:0:0:0:0:0:1%0', `creation_date` = 2024-11-17 16:39:50.521, `last_seen` = 2024-11-17 21:30:18.34, `email` = null, `discord` = null, `settings` = '{"settings":[{"value":"survival","key":"last-server"},{"value":"en","key":"language"}],"version":0}' WHERE `ai` = 1" (applied to [last_ip, last_seen, settings] columns)
[2024/11/17 21:30:18]: [nLogin] The user ChinmayM_3600 has successfully logged in.
[2024/11/17 21:31:52]: §3[nLogin] [DEBUG] [SQLite] [UPDATE]: "UPDATE `nlogin` SET `last_name` = 'ChinmayM_3600', `unique_id` = d688be8886413dbcb5d9b7c5d3992d11,  `mojang_id` = null,  `bedrock_id` = null,  `password` = '$2a$10$bh95qRYccPDm1bqbB7dNfuKX/7Xl99X1pFxTF4u3JgsV9VskC9D3.', `last_ip` = '0:0:0:0:0:0:0:1%0', `creation_date` = 2024-11-17 16:39:50.521, `last_seen` = 2024-11-17 21:31:52.514, `email` = null, `discord` = null, `settings` = '{"settings":[{"value":"survival","key":"last-server"},{"value":"en","key":"language"}],"version":0}' WHERE `ai` = 1" (applied to [last_seen, settings] columns)
[2024/11/17 22:07:18]: §3[nLogin] [DEBUG] [SQLite] [UPDATE]: "UPDATE `nlogin` SET `last_name` = 'ChinmayM_3600', `unique_id` = d688be8886413dbcb5d9b7c5d3992d11,  `mojang_id` = null,  `bedrock_id` = null,  `password` = '$2a$10$bh95qRYccPDm1bqbB7dNfuKX/7Xl99X1pFxTF4u3JgsV9VskC9D3.', `last_ip` = '0:0:0:0:0:0:0:1%0', `creation_date` = 2024-11-17 16:39:50.521, `last_seen` = 2024-11-17 22:07:18.352, `email` = null, `discord` = null, `settings` = '{"settings":[{"value":"survival","key":"last-server"},{"value":"en","key":"language"}],"version":0}' WHERE `ai` = 1" (applied to [last_ip, last_seen, settings] columns)
[2024/11/17 22:07:18]: [nLogin] The user ChinmayM_3600 has successfully logged in.
[2024/11/17 22:07:36]: §3[nLogin] [DEBUG] [SQLite] [UPDATE]: "UPDATE `nlogin` SET `last_name` = 'ChinmayM_3600', `unique_id` = d688be8886413dbcb5d9b7c5d3992d11,  `mojang_id` = null,  `bedrock_id` = null,  `password` = '$2a$10$bh95qRYccPDm1bqbB7dNfuKX/7Xl99X1pFxTF4u3JgsV9VskC9D3.', `last_ip` = '0:0:0:0:0:0:0:1%0', `creation_date` = 2024-11-17 16:39:50.521, `last_seen` = 2024-11-17 22:07:36.888, `email` = null, `discord` = null, `settings` = '{"settings":[{"value":"survival","key":"last-server"},{"value":"en","key":"language"}],"version":0}' WHERE `ai` = 1" (applied to [last_seen, settings] columns)
[2024/11/17 22:07:45]: [nLogin] Update was successfully queued, do not forcibly stop your server. (v10.3.27 c6c611 => v10.3.28 fce384)
[2024/11/17 22:07:45]: [nLogin] Successful plugin core shutdown (took 0.01s)
