[2024/11/17 16:38:57]: §9          __             _       
[2024/11/17 16:38:57]: §9  _ __   / /  ___   __ _(_)_ __  
[2024/11/17 16:38:57]: §9 | '_ \ / /  / _ \ / _` | | '_ \ 
[2024/11/17 16:38:57]: §9 | | | / /__| (_) | (_| | | | | |
[2024/11/17 16:38:57]: §9 |_| |_\____/\___/ \__, |_|_| |_|
[2024/11/17 16:38:57]: §9                  |___/            
[2024/11/17 16:38:57]: §9 By: www.nickuc.com - V 10.3.27
[2024/11/17 16:38:57]: §9 
[2024/11/17 16:38:57]: §3[nLogin] [DEBUG] All settings were loaded in 138 ms.
[2024/11/17 16:38:57]: §3[nLogin] [DEBUG] Loading the messages_en.yml message file...
[2024/11/17 16:38:57]: §3[nLogin] [DEBUG] All plugin messages were loaded in 77 ms (languageByClient=false).
[2024/11/17 16:38:57]: §3[nLogin] [DEBUG] All proxy settings were loaded in 6 ms.
[2024/11/17 16:38:57]: §3[nLogin] [DEBUG] Loading database...
[2024/11/17 16:38:57]: [nLogin] Generating RSA keypair... (this may take a while)
[2024/11/17 16:38:58]: [nLogin] Download finished (took 932ms, hash = bcdd0d07f4e3098e91cba27994818024b78ad4e137c7b7eb64a04b4aa8b23c2b)
[2024/11/17 16:38:58]: [nLogin] The RSA key pair was successfully generated. Took 0.82s
[2024/11/17 16:38:58]: §3[nLogin] [DEBUG] Starting logger filter...
[2024/11/17 16:39:03]: 
[2024/11/17 16:39:03]:  §bThank you so much for choosing nLogin! §4<3
[2024/11/17 16:39:03]: 
[2024/11/17 16:39:03]:  §4For your safety, please read the message below:
[2024/11/17 16:39:03]:   §cNever download nLogin from unknown sources.
[2024/11/17 16:39:03]:   §cA modified version may contain malicious software.
[2024/11/17 16:39:03]: 
[2024/11/17 16:39:03]:  §3Trusted sources:
[2024/11/17 16:39:03]:   §bwww.nickuc.com
[2024/11/17 16:39:03]:   §bwww.github.com/nickuc
[2024/11/17 16:39:03]:   §bOpeNLogin installer (from Spigot or GitHub)
[2024/11/17 16:39:03]: 
[2024/11/17 16:39:03]:  §3Official support channels:
[2024/11/17 16:39:03]:   §bDiscord group: §fwww.nickuc.com/discord
[2024/11/17 16:39:03]:   §bDocumentation: §fdocs.nickuc.com/nlogin/
[2024/11/17 16:39:03]:   §bEmail: §fsupport@nickuc.com
[2024/11/17 16:39:03]:   §bYouTube: §fyoutube.com/nickuc
[2024/11/17 16:39:03]: 
[2024/11/17 16:39:03]:  §eTo remove this warning, log in with "nlogin.admin" permission on the server
[2024/11/17 16:39:03]:  §eand click the "Setup plugin" button to configure your plugin.
[2024/11/17 16:39:03]: 
[2024/11/17 16:39:50]: §3[nLogin] [DEBUG] [SQLite] [UPDATE]: "INSERT INTO `nlogin` (`last_name`, `unique_id`, `mojang_id`, `bedrock_id`, `password`, `last_ip`, `creation_date`, `last_seen`, `email`, `discord`, `settings`) VALUES ('ChinmayM_3600', d688be8886413dbcb5d9b7c5d3992d11, null, null, '$2a$10$bh95qRYccPDm1bqbB7dNfuKX/7Xl99X1pFxTF4u3JgsV9VskC9D3.', '0:0:0:0:0:0:0:1%0', '2024-11-17 16:39:50.521', '2024-11-17 16:39:50.521', null, null, null)" (applied to all columns)
[2024/11/17 16:39:50]: [nLogin] The user ChinmayM_3600 has successfully registered.
[2024/11/17 17:10:38]: §3[nLogin] [DEBUG] [SQLite] [UPDATE]: "UPDATE `nlogin` SET `last_name` = 'ChinmayM_3600', `unique_id` = d688be8886413dbcb5d9b7c5d3992d11,  `mojang_id` = null,  `bedrock_id` = null,  `password` = '$2a$10$bh95qRYccPDm1bqbB7dNfuKX/7Xl99X1pFxTF4u3JgsV9VskC9D3.', `last_ip` = '0:0:0:0:0:0:0:1%0', `creation_date` = 2024-11-17 16:39:50.521, `last_seen` = 2024-11-17 17:10:38.577, `email` = null, `discord` = null, `settings` = '{"settings":[{"value":"survival","key":"last-server"},{"value":"en","key":"language"}],"version":0}' WHERE `ai` = 1" (applied to [last_seen, settings] columns)
[2024/11/17 17:20:39]: §3[nLogin] [DEBUG] [SQLite] [UPDATE]: "UPDATE `nlogin` SET `last_name` = 'ChinmayM_3600', `unique_id` = d688be8886413dbcb5d9b7c5d3992d11,  `mojang_id` = null,  `bedrock_id` = null,  `password` = '$2a$10$bh95qRYccPDm1bqbB7dNfuKX/7Xl99X1pFxTF4u3JgsV9VskC9D3.', `last_ip` = '0:0:0:0:0:0:0:1%0', `creation_date` = 2024-11-17 16:39:50.521, `last_seen` = 2024-11-17 17:20:39.825, `email` = null, `discord` = null, `settings` = '{"settings":[{"value":"survival","key":"last-server"},{"value":"en","key":"language"}],"version":0}' WHERE `ai` = 1" (applied to [last_ip, last_seen, settings] columns)
[2024/11/17 17:20:39]: [nLogin] The user ChinmayM_3600 has successfully logged in.
[2024/11/17 17:20:54]: §3[nLogin] [DEBUG] [SQLite] [UPDATE]: "UPDATE `nlogin` SET `last_name` = 'ChinmayM_3600', `unique_id` = d688be8886413dbcb5d9b7c5d3992d11,  `mojang_id` = null,  `bedrock_id` = null,  `password` = '$2a$10$bh95qRYccPDm1bqbB7dNfuKX/7Xl99X1pFxTF4u3JgsV9VskC9D3.', `last_ip` = '0:0:0:0:0:0:0:1%0', `creation_date` = 2024-11-17 16:39:50.521, `last_seen` = 2024-11-17 17:20:54.203, `email` = null, `discord` = null, `settings` = '{"settings":[{"value":"survival","key":"last-server"},{"value":"en","key":"language"}],"version":0}' WHERE `ai` = 1" (applied to [last_seen, settings] columns)
[2024/11/17 17:21:12]: §3[nLogin] [DEBUG] [SQLite] [UPDATE]: "UPDATE `nlogin` SET `last_name` = 'ChinmayM_3600', `unique_id` = d688be8886413dbcb5d9b7c5d3992d11,  `mojang_id` = null,  `bedrock_id` = null,  `password` = '$2a$10$bh95qRYccPDm1bqbB7dNfuKX/7Xl99X1pFxTF4u3JgsV9VskC9D3.', `last_ip` = '0:0:0:0:0:0:0:1%0', `creation_date` = 2024-11-17 16:39:50.521, `last_seen` = 2024-11-17 17:21:12.621, `email` = null, `discord` = null, `settings` = '{"settings":[{"value":"survival","key":"last-server"},{"value":"en","key":"language"}],"version":0}' WHERE `ai` = 1" (applied to [last_ip, last_seen, settings] columns)
[2024/11/17 17:21:12]: [nLogin] The user ChinmayM_3600 has successfully logged in.
[2024/11/17 17:30:00]: §3[nLogin] [DEBUG] [SQLite] [UPDATE]: "UPDATE `nlogin` SET `last_name` = 'ChinmayM_3600', `unique_id` = d688be8886413dbcb5d9b7c5d3992d11,  `mojang_id` = null,  `bedrock_id` = null,  `password` = '$2a$10$bh95qRYccPDm1bqbB7dNfuKX/7Xl99X1pFxTF4u3JgsV9VskC9D3.', `last_ip` = '0:0:0:0:0:0:0:1%0', `creation_date` = 2024-11-17 16:39:50.521, `last_seen` = 2024-11-17 17:30:00.956, `email` = null, `discord` = null, `settings` = '{"settings":[{"value":"survival","key":"last-server"},{"value":"en","key":"language"}],"version":0}' WHERE `ai` = 1" (applied to [last_seen, settings] columns)
[2024/11/17 17:41:21]: §3[nLogin] [DEBUG] [SQLite] [UPDATE]: "UPDATE `nlogin` SET `last_name` = 'ChinmayM_3600', `unique_id` = d688be8886413dbcb5d9b7c5d3992d11,  `mojang_id` = null,  `bedrock_id` = null,  `password` = '$2a$10$bh95qRYccPDm1bqbB7dNfuKX/7Xl99X1pFxTF4u3JgsV9VskC9D3.', `last_ip` = '0:0:0:0:0:0:0:1%0', `creation_date` = 2024-11-17 16:39:50.521, `last_seen` = 2024-11-17 17:41:21.355, `email` = null, `discord` = null, `settings` = '{"settings":[{"value":"survival","key":"last-server"},{"value":"en","key":"language"}],"version":0}' WHERE `ai` = 1" (applied to [last_ip, last_seen, settings] columns)
[2024/11/17 17:41:21]: [nLogin] The user ChinmayM_3600 has successfully logged in.
[2024/11/17 17:45:25]: §3[nLogin] [DEBUG] [SQLite] [UPDATE]: "UPDATE `nlogin` SET `last_name` = 'ChinmayM_3600', `unique_id` = d688be8886413dbcb5d9b7c5d3992d11,  `mojang_id` = null,  `bedrock_id` = null,  `password` = '$2a$10$bh95qRYccPDm1bqbB7dNfuKX/7Xl99X1pFxTF4u3JgsV9VskC9D3.', `last_ip` = '0:0:0:0:0:0:0:1%0', `creation_date` = 2024-11-17 16:39:50.521, `last_seen` = 2024-11-17 17:45:25.319, `email` = null, `discord` = null, `settings` = '{"settings":[{"value":"survival","key":"last-server"},{"value":"en","key":"language"}],"version":0}' WHERE `ai` = 1" (applied to [last_seen, settings] columns)
[2024/11/17 20:00:07]: §3[nLogin] [DEBUG] [SQLite] [UPDATE]: "UPDATE `nlogin` SET `last_name` = 'ChinmayM_3600', `unique_id` = d688be8886413dbcb5d9b7c5d3992d11,  `mojang_id` = null,  `bedrock_id` = null,  `password` = '$2a$10$bh95qRYccPDm1bqbB7dNfuKX/7Xl99X1pFxTF4u3JgsV9VskC9D3.', `last_ip` = '0:0:0:0:0:0:0:1%0', `creation_date` = 2024-11-17 16:39:50.521, `last_seen` = 2024-11-17 20:00:07.089, `email` = null, `discord` = null, `settings` = '{"settings":[{"value":"survival","key":"last-server"},{"value":"en","key":"language"}],"version":0}' WHERE `ai` = 1" (applied to [last_ip, last_seen, settings] columns)
[2024/11/17 20:00:07]: [nLogin] The user ChinmayM_3600 has successfully logged in.
[2024/11/17 20:16:29]: §3[nLogin] [DEBUG] [SQLite] [UPDATE]: "UPDATE `nlogin` SET `last_name` = 'ChinmayM_3600', `unique_id` = d688be8886413dbcb5d9b7c5d3992d11,  `mojang_id` = null,  `bedrock_id` = null,  `password` = '$2a$10$bh95qRYccPDm1bqbB7dNfuKX/7Xl99X1pFxTF4u3JgsV9VskC9D3.', `last_ip` = '0:0:0:0:0:0:0:1%0', `creation_date` = 2024-11-17 16:39:50.521, `last_seen` = 2024-11-17 20:16:29.324, `email` = null, `discord` = null, `settings` = '{"settings":[{"value":"survival","key":"last-server"},{"value":"en","key":"language"}],"version":0}' WHERE `ai` = 1" (applied to [last_seen, settings] columns)
[2024/11/17 20:34:31]: §3[nLogin] [DEBUG] [SQLite] [UPDATE]: "UPDATE `nlogin` SET `last_name` = 'ChinmayM_3600', `unique_id` = d688be8886413dbcb5d9b7c5d3992d11,  `mojang_id` = null,  `bedrock_id` = null,  `password` = '$2a$10$bh95qRYccPDm1bqbB7dNfuKX/7Xl99X1pFxTF4u3JgsV9VskC9D3.', `last_ip` = '0:0:0:0:0:0:0:1%0', `creation_date` = 2024-11-17 16:39:50.521, `last_seen` = 2024-11-17 20:34:31.39, `email` = null, `discord` = null, `settings` = '{"settings":[{"value":"survival","key":"last-server"},{"value":"en","key":"language"}],"version":0}' WHERE `ai` = 1" (applied to [last_ip, last_seen, settings] columns)
[2024/11/17 20:34:31]: [nLogin] The user ChinmayM_3600 has successfully logged in.
[2024/11/17 20:40:47]: §3[nLogin] [DEBUG] [SQLite] [UPDATE]: "UPDATE `nlogin` SET `last_name` = 'ChinmayM_3600', `unique_id` = d688be8886413dbcb5d9b7c5d3992d11,  `mojang_id` = null,  `bedrock_id` = null,  `password` = '$2a$10$bh95qRYccPDm1bqbB7dNfuKX/7Xl99X1pFxTF4u3JgsV9VskC9D3.', `last_ip` = '0:0:0:0:0:0:0:1%0', `creation_date` = 2024-11-17 16:39:50.521, `last_seen` = 2024-11-17 20:40:47.938, `email` = null, `discord` = null, `settings` = '{"settings":[{"value":"survival","key":"last-server"},{"value":"en","key":"language"}],"version":0}' WHERE `ai` = 1" (applied to [last_seen, settings] columns)
[2024/11/17 20:47:36]: §3[nLogin] [DEBUG] [SQLite] [UPDATE]: "UPDATE `nlogin` SET `last_name` = 'ChinmayM_3600', `unique_id` = d688be8886413dbcb5d9b7c5d3992d11,  `mojang_id` = null,  `bedrock_id` = null,  `password` = '$2a$10$bh95qRYccPDm1bqbB7dNfuKX/7Xl99X1pFxTF4u3JgsV9VskC9D3.', `last_ip` = '0:0:0:0:0:0:0:1%0', `creation_date` = 2024-11-17 16:39:50.521, `last_seen` = 2024-11-17 20:47:36.466, `email` = null, `discord` = null, `settings` = '{"settings":[{"value":"survival","key":"last-server"},{"value":"en","key":"language"}],"version":0}' WHERE `ai` = 1" (applied to [last_ip, last_seen, settings] columns)
[2024/11/17 20:47:36]: [nLogin] The user ChinmayM_3600 has successfully logged in.
[2024/11/17 20:53:11]: §3[nLogin] [DEBUG] [SQLite] [UPDATE]: "UPDATE `nlogin` SET `last_name` = 'ChinmayM_3600', `unique_id` = d688be8886413dbcb5d9b7c5d3992d11,  `mojang_id` = null,  `bedrock_id` = null,  `password` = '$2a$10$bh95qRYccPDm1bqbB7dNfuKX/7Xl99X1pFxTF4u3JgsV9VskC9D3.', `last_ip` = '0:0:0:0:0:0:0:1%0', `creation_date` = 2024-11-17 16:39:50.521, `last_seen` = 2024-11-17 20:53:11.869, `email` = null, `discord` = null, `settings` = '{"settings":[{"value":"survival","key":"last-server"},{"value":"en","key":"language"}],"version":0}' WHERE `ai` = 1" (applied to [last_seen, settings] columns)
[2024/11/17 20:53:36]: §3[nLogin] [DEBUG] [SQLite] [UPDATE]: "UPDATE `nlogin` SET `last_name` = 'ChinmayM_3600', `unique_id` = d688be8886413dbcb5d9b7c5d3992d11,  `mojang_id` = null,  `bedrock_id` = null,  `password` = '$2a$10$bh95qRYccPDm1bqbB7dNfuKX/7Xl99X1pFxTF4u3JgsV9VskC9D3.', `last_ip` = '0:0:0:0:0:0:0:1%0', `creation_date` = 2024-11-17 16:39:50.521, `last_seen` = 2024-11-17 20:53:36.93, `email` = null, `discord` = null, `settings` = '{"settings":[{"value":"survival","key":"last-server"},{"value":"en","key":"language"}],"version":0}' WHERE `ai` = 1" (applied to [last_ip, last_seen, settings] columns)
[2024/11/17 20:53:36]: [nLogin] The user ChinmayM_3600 has successfully logged in.
[2024/11/17 20:59:32]: §3[nLogin] [DEBUG] [SQLite] [UPDATE]: "UPDATE `nlogin` SET `last_name` = 'ChinmayM_3600', `unique_id` = d688be8886413dbcb5d9b7c5d3992d11,  `mojang_id` = null,  `bedrock_id` = null,  `password` = '$2a$10$bh95qRYccPDm1bqbB7dNfuKX/7Xl99X1pFxTF4u3JgsV9VskC9D3.', `last_ip` = '0:0:0:0:0:0:0:1%0', `creation_date` = 2024-11-17 16:39:50.521, `last_seen` = 2024-11-17 20:59:32.162, `email` = null, `discord` = null, `settings` = '{"settings":[{"value":"survival","key":"last-server"},{"value":"en","key":"language"}],"version":0}' WHERE `ai` = 1" (applied to [last_seen, settings] columns)
[2024/11/17 21:14:09]: §3[nLogin] [DEBUG] [SQLite] [UPDATE]: "UPDATE `nlogin` SET `last_name` = 'ChinmayM_3600', `unique_id` = d688be8886413dbcb5d9b7c5d3992d11,  `mojang_id` = null,  `bedrock_id` = null,  `password` = '$2a$10$bh95qRYccPDm1bqbB7dNfuKX/7Xl99X1pFxTF4u3JgsV9VskC9D3.', `last_ip` = '0:0:0:0:0:0:0:1%0', `creation_date` = 2024-11-17 16:39:50.521, `last_seen` = 2024-11-17 21:14:09.746, `email` = null, `discord` = null, `settings` = '{"settings":[{"value":"survival","key":"last-server"},{"value":"en","key":"language"}],"version":0}' WHERE `ai` = 1" (applied to [last_ip, last_seen, settings] columns)
[2024/11/17 21:14:09]: [nLogin] The user ChinmayM_3600 has successfully logged in.
[2024/11/17 21:17:04]: §3[nLogin] [DEBUG] [SQLite] [UPDATE]: "UPDATE `nlogin` SET `last_name` = 'ChinmayM_3600', `unique_id` = d688be8886413dbcb5d9b7c5d3992d11,  `mojang_id` = null,  `bedrock_id` = null,  `password` = '$2a$10$bh95qRYccPDm1bqbB7dNfuKX/7Xl99X1pFxTF4u3JgsV9VskC9D3.', `last_ip` = '0:0:0:0:0:0:0:1%0', `creation_date` = 2024-11-17 16:39:50.521, `last_seen` = 2024-11-17 21:17:04.933, `email` = null, `discord` = null, `settings` = '{"settings":[{"value":"survival","key":"last-server"},{"value":"en","key":"language"}],"version":0}' WHERE `ai` = 1" (applied to [last_seen, settings] columns)
[2024/11/17 21:19:00]: §3[nLogin] [DEBUG] [SQLite] [UPDATE]: "UPDATE `nlogin` SET `last_name` = 'ChinmayM_3600', `unique_id` = d688be8886413dbcb5d9b7c5d3992d11,  `mojang_id` = null,  `bedrock_id` = null,  `password` = '$2a$10$bh95qRYccPDm1bqbB7dNfuKX/7Xl99X1pFxTF4u3JgsV9VskC9D3.', `last_ip` = '0:0:0:0:0:0:0:1%0', `creation_date` = 2024-11-17 16:39:50.521, `last_seen` = 2024-11-17 21:19:00.908, `email` = null, `discord` = null, `settings` = '{"settings":[{"value":"survival","key":"last-server"},{"value":"en","key":"language"}],"version":0}' WHERE `ai` = 1" (applied to [last_ip, last_seen, settings] columns)
[2024/11/17 21:19:00]: [nLogin] The user ChinmayM_3600 has successfully logged in.
