[2024/11/17 22:11:52]: §9          __             _       
[2024/11/17 22:11:52]: §9  _ __   / /  ___   __ _(_)_ __  
[2024/11/17 22:11:52]: §9 | '_ \ / /  / _ \ / _` | | '_ \ 
[2024/11/17 22:11:52]: §9 | | | / /__| (_) | (_| | | | | |
[2024/11/17 22:11:52]: §9 |_| |_\____/\___/ \__, |_|_| |_|
[2024/11/17 22:11:52]: §9                  |___/            
[2024/11/17 22:11:52]: §9 By: www.nickuc.com - V 10.3.28
[2024/11/17 22:11:52]: §9 
[2024/11/17 22:11:52]: §3[nLogin] [DEBUG] All settings were loaded in 86 ms.
[2024/11/17 22:11:52]: §3[nLogin] [DEBUG] Loading the messages_en.yml message file...
[2024/11/17 22:11:52]: §3[nLogin] [DEBUG] All plugin messages were loaded in 37 ms (languageByClient=false).
[2024/11/17 22:11:52]: §3[nLogin] [DEBUG] All proxy settings were loaded in 4 ms.
[2024/11/17 22:11:52]: §3[nLogin] [DEBUG] Loading database...
[2024/11/17 22:11:52]: §3[nLogin] [DEBUG] Starting logger filter...
[2024/11/17 22:11:57]: 
[2024/11/17 22:11:57]:  §bThank you so much for choosing nLogin! §4<3
[2024/11/17 22:11:57]: 
[2024/11/17 22:11:57]:  §4For your safety, please read the message below:
[2024/11/17 22:11:57]:   §cNever download nLogin from unknown sources.
[2024/11/17 22:11:57]:   §cA modified version may contain malicious software.
[2024/11/17 22:11:57]: 
[2024/11/17 22:11:57]:  §3Trusted sources:
[2024/11/17 22:11:57]:   §bwww.nickuc.com
[2024/11/17 22:11:57]:   §bwww.github.com/nickuc
[2024/11/17 22:11:57]:   §bOpeNLogin installer (from Spigot or GitHub)
[2024/11/17 22:11:57]: 
[2024/11/17 22:11:57]:  §3Official support channels:
[2024/11/17 22:11:57]:   §bDiscord group: §fwww.nickuc.com/discord
[2024/11/17 22:11:57]:   §bDocumentation: §fdocs.nickuc.com/nlogin/
[2024/11/17 22:11:57]:   §bEmail: §fsupport@nickuc.com
[2024/11/17 22:11:57]:   §bYouTube: §fyoutube.com/nickuc
[2024/11/17 22:11:57]: 
[2024/11/17 22:11:57]:  §eTo remove this warning, log in with "nlogin.admin" permission on the server
[2024/11/17 22:11:57]:  §eand click the "Setup plugin" button to configure your plugin.
[2024/11/17 22:11:57]: 
[2024/11/17 22:12:25]: §3[nLogin] [DEBUG] [SQLite] [UPDATE]: "UPDATE `nlogin` SET `last_name` = 'ChinmayM_3600', `unique_id` = d688be8886413dbcb5d9b7c5d3992d11,  `mojang_id` = null,  `bedrock_id` = null,  `password` = '$2a$10$bh95qRYccPDm1bqbB7dNfuKX/7Xl99X1pFxTF4u3JgsV9VskC9D3.', `last_ip` = '0:0:0:0:0:0:0:1%0', `creation_date` = 2024-11-17 16:39:50.521, `last_seen` = 2024-11-17 22:12:25.378, `email` = null, `discord` = null, `settings` = '{"settings":[{"value":"survival","key":"last-server"},{"value":"en","key":"language"}],"version":0}' WHERE `ai` = 1" (applied to [last_ip, last_seen, settings] columns)
[2024/11/17 22:12:25]: [nLogin] The user ChinmayM_3600 has successfully logged in.
[2024/11/17 22:19:43]: §3[nLogin] [DEBUG] [SQLite] [UPDATE]: "UPDATE `nlogin` SET `last_name` = 'ChinmayM_3600', `unique_id` = d688be8886413dbcb5d9b7c5d3992d11,  `mojang_id` = null,  `bedrock_id` = null,  `password` = '$2a$10$bh95qRYccPDm1bqbB7dNfuKX/7Xl99X1pFxTF4u3JgsV9VskC9D3.', `last_ip` = '0:0:0:0:0:0:0:1%0', `creation_date` = 2024-11-17 16:39:50.521, `last_seen` = 2024-11-17 22:19:43.521, `email` = null, `discord` = null, `settings` = '{"settings":[{"value":"survival","key":"last-server"},{"value":"en","key":"language"}],"version":0}' WHERE `ai` = 1" (applied to [last_seen, settings] columns)
[2024/11/17 22:22:07]: §3[nLogin] [DEBUG] [SQLite] [UPDATE]: "UPDATE `nlogin` SET `last_name` = 'ChinmayM_3600', `unique_id` = d688be8886413dbcb5d9b7c5d3992d11,  `mojang_id` = null,  `bedrock_id` = null,  `password` = '$2a$10$bh95qRYccPDm1bqbB7dNfuKX/7Xl99X1pFxTF4u3JgsV9VskC9D3.', `last_ip` = '0:0:0:0:0:0:0:1%0', `creation_date` = 2024-11-17 16:39:50.521, `last_seen` = 2024-11-17 22:22:07.462, `email` = null, `discord` = null, `settings` = '{"settings":[{"value":"survival","key":"last-server"},{"value":"en","key":"language"}],"version":0}' WHERE `ai` = 1" (applied to [last_ip, last_seen, settings] columns)
[2024/11/17 22:22:07]: [nLogin] The user ChinmayM_3600 has successfully logged in.
[2024/11/17 22:24:35]: §3[nLogin] [DEBUG] [SQLite] [UPDATE]: "UPDATE `nlogin` SET `last_name` = 'ChinmayM_3600', `unique_id` = d688be8886413dbcb5d9b7c5d3992d11,  `mojang_id` = null,  `bedrock_id` = null,  `password` = '$2a$10$bh95qRYccPDm1bqbB7dNfuKX/7Xl99X1pFxTF4u3JgsV9VskC9D3.', `last_ip` = '0:0:0:0:0:0:0:1%0', `creation_date` = 2024-11-17 16:39:50.521, `last_seen` = 2024-11-17 22:24:35.664, `email` = null, `discord` = null, `settings` = '{"settings":[{"value":"survival","key":"last-server"},{"value":"en","key":"language"}],"version":0}' WHERE `ai` = 1" (applied to [last_seen, settings] columns)
[2024/11/17 22:29:51]: §3[nLogin] [DEBUG] [SQLite] [UPDATE]: "UPDATE `nlogin` SET `last_name` = 'ChinmayM_3600', `unique_id` = d688be8886413dbcb5d9b7c5d3992d11,  `mojang_id` = null,  `bedrock_id` = null,  `password` = '$2a$10$bh95qRYccPDm1bqbB7dNfuKX/7Xl99X1pFxTF4u3JgsV9VskC9D3.', `last_ip` = '0:0:0:0:0:0:0:1%0', `creation_date` = 2024-11-17 16:39:50.521, `last_seen` = 2024-11-17 22:29:51.717, `email` = null, `discord` = null, `settings` = '{"settings":[{"value":"survival","key":"last-server"},{"value":"en","key":"language"}],"version":0}' WHERE `ai` = 1" (applied to [last_ip, last_seen, settings] columns)
[2024/11/17 22:29:51]: [nLogin] The user ChinmayM_3600 has successfully logged in.
[2024/11/17 22:38:35]: §3[nLogin] [DEBUG] [SQLite] [UPDATE]: "UPDATE `nlogin` SET `last_name` = 'ChinmayM_3600', `unique_id` = d688be8886413dbcb5d9b7c5d3992d11,  `mojang_id` = null,  `bedrock_id` = null,  `password` = '$2a$10$bh95qRYccPDm1bqbB7dNfuKX/7Xl99X1pFxTF4u3JgsV9VskC9D3.', `last_ip` = '0:0:0:0:0:0:0:1%0', `creation_date` = 2024-11-17 16:39:50.521, `last_seen` = 2024-11-17 22:38:35.492, `email` = null, `discord` = null, `settings` = '{"settings":[{"value":"survival","key":"last-server"},{"value":"en","key":"language"}],"version":0}' WHERE `ai` = 1" (applied to [last_seen, settings] columns)
[2024/11/17 22:52:16]: [nLogin] Successful plugin core shutdown (took 0.00s)
