[2024/11/17 22:53:46]: §9          __             _       
[2024/11/17 22:53:46]: §9  _ __   / /  ___   __ _(_)_ __  
[2024/11/17 22:53:46]: §9 | '_ \ / /  / _ \ / _` | | '_ \ 
[2024/11/17 22:53:46]: §9 | | | / /__| (_) | (_| | | | | |
[2024/11/17 22:53:46]: §9 |_| |_\____/\___/ \__, |_|_| |_|
[2024/11/17 22:53:46]: §9                  |___/            
[2024/11/17 22:53:46]: §9 By: www.nickuc.com - V 10.3.28
[2024/11/17 22:53:46]: §9 
[2024/11/17 22:53:47]: §3[nLogin] [DEBUG] All settings were loaded in 115 ms.
[2024/11/17 22:53:47]: §3[nLogin] [DEBUG] Loading the messages_en.yml message file...
[2024/11/17 22:53:47]: §3[nLogin] [DEBUG] All plugin messages were loaded in 61 ms (languageByClient=false).
[2024/11/17 22:53:47]: §3[nLogin] [DEBUG] All proxy settings were loaded in 5 ms.
[2024/11/17 22:53:47]: §3[nLogin] [DEBUG] Loading database...
[2024/11/17 22:53:47]: §3[nLogin] [DEBUG] Starting logger filter...
[2024/11/17 22:53:52]: 
[2024/11/17 22:53:52]:  §bThank you so much for choosing nLogin! §4<3
[2024/11/17 22:53:52]: 
[2024/11/17 22:53:52]:  §4For your safety, please read the message below:
[2024/11/17 22:53:52]:   §cNever download nLogin from unknown sources.
[2024/11/17 22:53:52]:   §cA modified version may contain malicious software.
[2024/11/17 22:53:52]: 
[2024/11/17 22:53:52]:  §3Trusted sources:
[2024/11/17 22:53:52]:   §bwww.nickuc.com
[2024/11/17 22:53:52]:   §bwww.github.com/nickuc
[2024/11/17 22:53:52]:   §bOpeNLogin installer (from Spigot or GitHub)
[2024/11/17 22:53:52]: 
[2024/11/17 22:53:52]:  §3Official support channels:
[2024/11/17 22:53:52]:   §bDiscord group: §fwww.nickuc.com/discord
[2024/11/17 22:53:52]:   §bDocumentation: §fdocs.nickuc.com/nlogin/
[2024/11/17 22:53:52]:   §bEmail: §fsupport@nickuc.com
[2024/11/17 22:53:52]:   §bYouTube: §fyoutube.com/nickuc
[2024/11/17 22:53:52]: 
[2024/11/17 22:53:52]:  §eTo remove this warning, log in with "nlogin.admin" permission on the server
[2024/11/17 22:53:52]:  §eand click the "Setup plugin" button to configure your plugin.
[2024/11/17 22:53:52]: 
[2024/11/17 22:54:07]: §3[nLogin] [DEBUG] [SQLite] [UPDATE]: "UPDATE `nlogin` SET `last_name` = 'ChinmayM_3600', `unique_id` = d688be8886413dbcb5d9b7c5d3992d11,  `mojang_id` = null,  `bedrock_id` = null,  `password` = '$2a$10$bh95qRYccPDm1bqbB7dNfuKX/7Xl99X1pFxTF4u3JgsV9VskC9D3.', `last_ip` = '0:0:0:0:0:0:0:1%0', `creation_date` = 2024-11-17 16:39:50.521, `last_seen` = 2024-11-17 22:54:07.224, `email` = null, `discord` = null, `settings` = '{"settings":[{"value":"survival","key":"last-server"},{"value":"en","key":"language"}],"version":0}' WHERE `ai` = 1" (applied to [last_ip, last_seen, settings] columns)
[2024/11/17 22:54:07]: [nLogin] The user ChinmayM_3600 has successfully logged in.
[2024/11/17 22:55:56]: §3[nLogin] [DEBUG] [SQLite] [UPDATE]: "UPDATE `nlogin` SET `last_name` = 'ChinmayM_3600', `unique_id` = d688be8886413dbcb5d9b7c5d3992d11,  `mojang_id` = null,  `bedrock_id` = null,  `password` = '$2a$10$bh95qRYccPDm1bqbB7dNfuKX/7Xl99X1pFxTF4u3JgsV9VskC9D3.', `last_ip` = '0:0:0:0:0:0:0:1%0', `creation_date` = 2024-11-17 16:39:50.521, `last_seen` = 2024-11-17 22:55:56.091, `email` = null, `discord` = null, `settings` = '{"settings":[{"value":"survival","key":"last-server"},{"value":"en","key":"language"}],"version":0}' WHERE `ai` = 1" (applied to [last_seen, settings] columns)
[2024/11/17 22:59:16]: §3[nLogin] [DEBUG] [SQLite] [UPDATE]: "UPDATE `nlogin` SET `last_name` = 'ChinmayM_3600', `unique_id` = d688be8886413dbcb5d9b7c5d3992d11,  `mojang_id` = null,  `bedrock_id` = null,  `password` = '$2a$10$bh95qRYccPDm1bqbB7dNfuKX/7Xl99X1pFxTF4u3JgsV9VskC9D3.', `last_ip` = '0:0:0:0:0:0:0:1%0', `creation_date` = 2024-11-17 16:39:50.521, `last_seen` = 2024-11-17 22:59:16.988, `email` = null, `discord` = null, `settings` = '{"settings":[{"value":"survival","key":"last-server"},{"value":"en","key":"language"}],"version":0}' WHERE `ai` = 1" (applied to [last_ip, last_seen, settings] columns)
[2024/11/17 22:59:16]: [nLogin] The user ChinmayM_3600 has successfully logged in.
[2024/11/17 23:02:26]: §3[nLogin] [DEBUG] [SQLite] [UPDATE]: "UPDATE `nlogin` SET `last_name` = 'ChinmayM_3600', `unique_id` = d688be8886413dbcb5d9b7c5d3992d11,  `mojang_id` = null,  `bedrock_id` = null,  `password` = '$2a$10$bh95qRYccPDm1bqbB7dNfuKX/7Xl99X1pFxTF4u3JgsV9VskC9D3.', `last_ip` = '0:0:0:0:0:0:0:1%0', `creation_date` = 2024-11-17 16:39:50.521, `last_seen` = 2024-11-17 23:02:26.017, `email` = null, `discord` = null, `settings` = '{"settings":[{"value":"survival","key":"last-server"},{"value":"en","key":"language"}],"version":0}' WHERE `ai` = 1" (applied to [last_seen, settings] columns)
[2024/11/17 23:32:18]: §3[nLogin] [DEBUG] [SQLite] [UPDATE]: "UPDATE `nlogin` SET `last_name` = 'ChinmayM_3600', `unique_id` = d688be8886413dbcb5d9b7c5d3992d11,  `mojang_id` = null,  `bedrock_id` = null,  `password` = '$2a$10$bh95qRYccPDm1bqbB7dNfuKX/7Xl99X1pFxTF4u3JgsV9VskC9D3.', `last_ip` = '0:0:0:0:0:0:0:1%0', `creation_date` = 2024-11-17 16:39:50.521, `last_seen` = 2024-11-17 23:32:18.562, `email` = null, `discord` = null, `settings` = '{"settings":[{"value":"survival","key":"last-server"},{"value":"en","key":"language"}],"version":0}' WHERE `ai` = 1" (applied to [last_ip, last_seen, settings] columns)
[2024/11/17 23:32:18]: [nLogin] The user ChinmayM_3600 has successfully logged in.
[2024/11/17 23:34:29]: §3[nLogin] [DEBUG] [SQLite] [UPDATE]: "UPDATE `nlogin` SET `last_name` = 'ChinmayM_3600', `unique_id` = d688be8886413dbcb5d9b7c5d3992d11,  `mojang_id` = null,  `bedrock_id` = null,  `password` = '$2a$10$bh95qRYccPDm1bqbB7dNfuKX/7Xl99X1pFxTF4u3JgsV9VskC9D3.', `last_ip` = '0:0:0:0:0:0:0:1%0', `creation_date` = 2024-11-17 16:39:50.521, `last_seen` = 2024-11-17 23:34:29.986, `email` = null, `discord` = null, `settings` = '{"settings":[{"value":"survival","key":"last-server"},{"value":"en","key":"language"}],"version":0}' WHERE `ai` = 1" (applied to [last_seen, settings] columns)
[2024/11/17 23:35:02]: §3[nLogin] [DEBUG] [SQLite] [UPDATE]: "UPDATE `nlogin` SET `last_name` = 'ChinmayM_3600', `unique_id` = d688be8886413dbcb5d9b7c5d3992d11,  `mojang_id` = null,  `bedrock_id` = null,  `password` = '$2a$10$bh95qRYccPDm1bqbB7dNfuKX/7Xl99X1pFxTF4u3JgsV9VskC9D3.', `last_ip` = '0:0:0:0:0:0:0:1%0', `creation_date` = 2024-11-17 16:39:50.521, `last_seen` = 2024-11-17 23:35:02.86, `email` = null, `discord` = null, `settings` = '{"settings":[{"value":"survival","key":"last-server"},{"value":"en","key":"language"}],"version":0}' WHERE `ai` = 1" (applied to [last_ip, last_seen, settings] columns)
[2024/11/17 23:35:02]: [nLogin] The user ChinmayM_3600 has successfully logged in.
[2024/11/17 23:35:36]: §3[nLogin] [DEBUG] [SQLite] [UPDATE]: "UPDATE `nlogin` SET `last_name` = 'ChinmayM_3600', `unique_id` = d688be8886413dbcb5d9b7c5d3992d11,  `mojang_id` = null,  `bedrock_id` = null,  `password` = '$2a$10$bh95qRYccPDm1bqbB7dNfuKX/7Xl99X1pFxTF4u3JgsV9VskC9D3.', `last_ip` = '0:0:0:0:0:0:0:1%0', `creation_date` = 2024-11-17 16:39:50.521, `last_seen` = 2024-11-17 23:35:36.682, `email` = null, `discord` = null, `settings` = '{"settings":[{"value":"survival","key":"last-server"},{"value":"en","key":"language"}],"version":0}' WHERE `ai` = 1" (applied to [last_seen, settings] columns)
[2024/11/17 23:35:48]: §3[nLogin] [DEBUG] [SQLite] [UPDATE]: "UPDATE `nlogin` SET `last_name` = 'ChinmayM_3600', `unique_id` = d688be8886413dbcb5d9b7c5d3992d11,  `mojang_id` = null,  `bedrock_id` = null,  `password` = '$2a$10$bh95qRYccPDm1bqbB7dNfuKX/7Xl99X1pFxTF4u3JgsV9VskC9D3.', `last_ip` = '0:0:0:0:0:0:0:1%0', `creation_date` = 2024-11-17 16:39:50.521, `last_seen` = 2024-11-17 23:35:48.754, `email` = null, `discord` = null, `settings` = '{"settings":[{"value":"survival","key":"last-server"},{"value":"en","key":"language"}],"version":0}' WHERE `ai` = 1" (applied to [last_ip, last_seen, settings] columns)
[2024/11/17 23:35:48]: [nLogin] The user ChinmayM_3600 has successfully logged in.
[2024/11/17 23:45:47]: §3[nLogin] [DEBUG] [SQLite] [UPDATE]: "UPDATE `nlogin` SET `last_name` = 'ChinmayM_3600', `unique_id` = d688be8886413dbcb5d9b7c5d3992d11,  `mojang_id` = null,  `bedrock_id` = null,  `password` = '$2a$10$bh95qRYccPDm1bqbB7dNfuKX/7Xl99X1pFxTF4u3JgsV9VskC9D3.', `last_ip` = '0:0:0:0:0:0:0:1%0', `creation_date` = 2024-11-17 16:39:50.521, `last_seen` = 2024-11-17 23:45:47.103, `email` = null, `discord` = null, `settings` = '{"settings":[{"value":"survival","key":"last-server"},{"value":"en","key":"language"}],"version":0}' WHERE `ai` = 1" (applied to [last_seen, settings] columns)
[2024/11/17 23:46:14]: §3[nLogin] [DEBUG] [SQLite] [UPDATE]: "UPDATE `nlogin` SET `last_name` = 'ChinmayM_3600', `unique_id` = d688be8886413dbcb5d9b7c5d3992d11,  `mojang_id` = null,  `bedrock_id` = null,  `password` = '$2a$10$bh95qRYccPDm1bqbB7dNfuKX/7Xl99X1pFxTF4u3JgsV9VskC9D3.', `last_ip` = '0:0:0:0:0:0:0:1%0', `creation_date` = 2024-11-17 16:39:50.521, `last_seen` = 2024-11-17 23:46:14.716, `email` = null, `discord` = null, `settings` = '{"settings":[{"value":"survival","key":"last-server"},{"value":"en","key":"language"}],"version":0}' WHERE `ai` = 1" (applied to [last_ip, last_seen, settings] columns)
[2024/11/17 23:46:14]: [nLogin] The user ChinmayM_3600 has successfully logged in.
[2024/11/17 23:51:25]: §3[nLogin] [DEBUG] [SQLite] [UPDATE]: "UPDATE `nlogin` SET `last_name` = 'ChinmayM_3600', `unique_id` = d688be8886413dbcb5d9b7c5d3992d11,  `mojang_id` = null,  `bedrock_id` = null,  `password` = '$2a$10$bh95qRYccPDm1bqbB7dNfuKX/7Xl99X1pFxTF4u3JgsV9VskC9D3.', `last_ip` = '0:0:0:0:0:0:0:1%0', `creation_date` = 2024-11-17 16:39:50.521, `last_seen` = 2024-11-17 23:51:25.089, `email` = null, `discord` = null, `settings` = '{"settings":[{"value":"survival","key":"last-server"},{"value":"en","key":"language"}],"version":0}' WHERE `ai` = 1" (applied to [last_seen, settings] columns)
[2024/11/18 00:30:06]: §3[nLogin] [DEBUG] [SQLite] [UPDATE]: "UPDATE `nlogin` SET `last_name` = 'ChinmayM_3600', `unique_id` = d688be8886413dbcb5d9b7c5d3992d11,  `mojang_id` = null,  `bedrock_id` = null,  `password` = '$2a$10$bh95qRYccPDm1bqbB7dNfuKX/7Xl99X1pFxTF4u3JgsV9VskC9D3.', `last_ip` = '0:0:0:0:0:0:0:1%0', `creation_date` = 2024-11-17 16:39:50.521, `last_seen` = 2024-11-18 00:30:06.2, `email` = null, `discord` = null, `settings` = '{"settings":[{"value":"survival","key":"last-server"},{"value":"en","key":"language"}],"version":0}' WHERE `ai` = 1" (applied to [last_ip, last_seen, settings] columns)
[2024/11/18 00:30:06]: [nLogin] The user ChinmayM_3600 has successfully logged in.
[2024/11/18 00:30:46]: §3[nLogin] [DEBUG] [SQLite] [UPDATE]: "UPDATE `nlogin` SET `last_name` = 'ChinmayM_3600', `unique_id` = d688be8886413dbcb5d9b7c5d3992d11,  `mojang_id` = null,  `bedrock_id` = null,  `password` = '$2a$10$bh95qRYccPDm1bqbB7dNfuKX/7Xl99X1pFxTF4u3JgsV9VskC9D3.', `last_ip` = '0:0:0:0:0:0:0:1%0', `creation_date` = 2024-11-17 16:39:50.521, `last_seen` = 2024-11-18 00:30:46.955, `email` = null, `discord` = null, `settings` = '{"settings":[{"value":"survival","key":"last-server"},{"value":"en","key":"language"}],"version":0}' WHERE `ai` = 1" (applied to [last_seen, settings] columns)
[2024/11/18 00:40:51]: [nLogin] Successful plugin core shutdown (took 0.00s)
