[2025/06/18 18:34:11]: §9          __             _       
[2025/06/18 18:34:11]: §9  _ __   / /  ___   __ _(_)_ __  
[2025/06/18 18:34:11]: §9 | '_ \ / /  / _ \ / _` | | '_ \ 
[2025/06/18 18:34:11]: §9 | | | / /__| (_) | (_| | | | | |
[2025/06/18 18:34:11]: §9 |_| |_\____/\___/ \__, |_|_| |_|
[2025/06/18 18:34:11]: §9                  |___/            
[2025/06/18 18:34:11]: §9 By: www.nickuc.com - V 10.4.21
[2025/06/18 18:34:11]: §9 
[2025/06/18 18:34:11]: §3[nLogin] [DEBUG] All settings were loaded in 179 ms.
[2025/06/18 18:34:12]: §3[nLogin] [DEBUG] Loading the messages_en.yml message file...
[2025/06/18 18:34:12]: §3[nLogin] [DEBUG] All plugin messages were loaded in 73 ms (languageByClient=false).
[2025/06/18 18:34:12]: §3[nLogin] [DEBUG] All proxy settings were loaded in 17 ms.
[2025/06/18 18:34:12]: §3[nLogin] [DEBUG] Loading database...
[2025/06/18 18:34:12]: §3[nLogin] [DEBUG] Starting logger filter...
[2025/06/18 18:34:17]: 
[2025/06/18 18:34:17]:  §bThank you so much for choosing nLogin! §4<3
[2025/06/18 18:34:17]: 
[2025/06/18 18:34:17]:  §4For your safety, please read the message below:
[2025/06/18 18:34:17]:   §cNever download nLogin from unknown sources.
[2025/06/18 18:34:17]:   §cA modified version may contain malicious software.
[2025/06/18 18:34:17]: 
[2025/06/18 18:34:17]:  §3Trusted sources:
[2025/06/18 18:34:17]:   §bwww.nickuc.com
[2025/06/18 18:34:17]:   §bwww.github.com/nickuc
[2025/06/18 18:34:17]:   §bOpeNLogin installer (from Spigot or GitHub)
[2025/06/18 18:34:17]: 
[2025/06/18 18:34:17]:  §3Official support channels:
[2025/06/18 18:34:17]:   §bDiscord group: §fwww.nickuc.com/discord
[2025/06/18 18:34:17]:   §bDocumentation: §fdocs.nickuc.com/nlogin/
[2025/06/18 18:34:17]:   §bEmail: §fsupport@nickuc.com
[2025/06/18 18:34:17]:   §bYouTube: §fyoutube.com/nickuc
[2025/06/18 18:34:17]: 
[2025/06/18 18:34:17]:  §eTo remove this warning, log in with "nlogin.admin" permission on the server
[2025/06/18 18:34:17]:  §eand click the "Setup plugin" button to configure your plugin.
[2025/06/18 18:34:17]: 
[2025/06/18 18:38:07]: §3[nLogin] [DEBUG] [SQLite] [UPDATE]: "UPDATE `nlogin` SET `last_name` = 'ChinmayM_3600', `unique_id` = d688be8886413dbcb5d9b7c5d3992d11,  `mojang_id` = null,  `bedrock_id` = null,  `password` = '$2a$10$5oNb311Y9R/fcI4suJbbmeYmODPfkAENIlQz8EwFhxlVKHsd9bU0S', `last_ip` = '0:0:0:0:0:0:0:1%0', `creation_date` = 2025-06-18 17:02:14.765, `last_seen` = 2025-06-18 18:38:07.568, `email` = null, `discord` = null, `settings` = '{"settings":[{"value":"survival","key":"last-server"},{"value":"en","key":"language"}],"version":0}' WHERE `ai` = 1" (applied to [last_ip, last_seen, settings] columns)
[2025/06/18 18:38:07]: [nLogin] The user ChinmayM_3600 has successfully logged in.
[2025/06/18 18:38:28]: §3[nLogin] [DEBUG] [SQLite] [UPDATE]: "UPDATE `nlogin` SET `last_name` = 'ChinmayM_3600', `unique_id` = d688be8886413dbcb5d9b7c5d3992d11,  `mojang_id` = null,  `bedrock_id` = null,  `password` = '$2a$10$5oNb311Y9R/fcI4suJbbmeYmODPfkAENIlQz8EwFhxlVKHsd9bU0S', `last_ip` = '0:0:0:0:0:0:0:1%0', `creation_date` = 2025-06-18 17:02:14.765, `last_seen` = 2025-06-18 18:38:28.304, `email` = null, `discord` = null, `settings` = '{"settings":[{"value":"survival","key":"last-server"},{"value":"en","key":"language"}],"version":0}' WHERE `ai` = 1" (applied to [last_seen, settings] columns)
[2025/06/18 18:43:46]: §3[nLogin] [DEBUG] [SQLite] [UPDATE]: "UPDATE `nlogin` SET `last_name` = 'ChinmayM_3600', `unique_id` = d688be8886413dbcb5d9b7c5d3992d11,  `mojang_id` = null,  `bedrock_id` = null,  `password` = '$2a$10$5oNb311Y9R/fcI4suJbbmeYmODPfkAENIlQz8EwFhxlVKHsd9bU0S', `last_ip` = '0:0:0:0:0:0:0:1%0', `creation_date` = 2025-06-18 17:02:14.765, `last_seen` = 2025-06-18 18:43:46.46, `email` = null, `discord` = null, `settings` = '{"settings":[{"value":"survival","key":"last-server"},{"value":"en","key":"language"}],"version":0}' WHERE `ai` = 1" (applied to [last_ip, last_seen, settings] columns)
[2025/06/18 18:43:46]: [nLogin] The user ChinmayM_3600 has successfully logged in.
[2025/06/18 18:45:13]: §3[nLogin] [DEBUG] [SQLite] [UPDATE]: "UPDATE `nlogin` SET `last_name` = 'ChinmayM_3600', `unique_id` = d688be8886413dbcb5d9b7c5d3992d11,  `mojang_id` = null,  `bedrock_id` = null,  `password` = '$2a$10$5oNb311Y9R/fcI4suJbbmeYmODPfkAENIlQz8EwFhxlVKHsd9bU0S', `last_ip` = '0:0:0:0:0:0:0:1%0', `creation_date` = 2025-06-18 17:02:14.765, `last_seen` = 2025-06-18 18:45:13.375, `email` = null, `discord` = null, `settings` = '{"settings":[{"value":"survival","key":"last-server"},{"value":"en","key":"language"}],"version":0}' WHERE `ai` = 1" (applied to [last_seen, settings] columns)
[2025/06/18 18:45:33]: §3[nLogin] [DEBUG] [SQLite] [UPDATE]: "INSERT INTO `nlogin` (`last_name`, `unique_id`, `mojang_id`, `bedrock_id`, `password`, `last_ip`, `creation_date`, `last_seen`, `email`, `discord`, `settings`) VALUES ('Mintyy', fa937539feac3fb0ab764cf8a4ef5886, null, null, '$2a$10$yS.Whvnt9HpRZEarCJ/pP.hJVx.24.rTFmCdXlJUUTGBG45sNX0U2', '0:0:0:0:0:0:0:1%0', '2025-06-18 18:45:33.374', '2025-06-18 18:45:33.374', null, null, '{"settings":[{"value":true,"key":"force-invalid-session"}],"version":0}')" (applied to all columns)
[2025/06/18 18:45:33]: [nLogin] The user Mintyy has successfully registered.
[2025/06/18 18:45:37]: §3[nLogin] [DEBUG] [SQLite] [UPDATE]: "UPDATE `nlogin` SET `last_name` = 'ChinmayM_3600', `unique_id` = d688be8886413dbcb5d9b7c5d3992d11,  `mojang_id` = null,  `bedrock_id` = null,  `password` = '$2a$10$5oNb311Y9R/fcI4suJbbmeYmODPfkAENIlQz8EwFhxlVKHsd9bU0S', `last_ip` = '0:0:0:0:0:0:0:1%0', `creation_date` = 2025-06-18 17:02:14.765, `last_seen` = 2025-06-18 18:45:37.9, `email` = null, `discord` = null, `settings` = '{"settings":[{"value":"survival","key":"last-server"},{"value":"en","key":"language"}],"version":0}' WHERE `ai` = 1" (applied to [last_ip, last_seen, settings] columns)
[2025/06/18 18:45:37]: [nLogin] The user ChinmayM_3600 has successfully logged in.
[2025/06/18 18:47:32]: §3[nLogin] [DEBUG] [SQLite] [UPDATE]: "UPDATE `nlogin` SET `last_name` = 'Mintyy', `unique_id` = fa937539feac3fb0ab764cf8a4ef5886,  `mojang_id` = null,  `bedrock_id` = null,  `password` = '$2a$10$yS.Whvnt9HpRZEarCJ/pP.hJVx.24.rTFmCdXlJUUTGBG45sNX0U2', `last_ip` = '0:0:0:0:0:0:0:1%0', `creation_date` = 2025-06-18 18:45:33.374, `last_seen` = 2025-06-18 18:47:32.826, `email` = null, `discord` = null, `settings` = '{"settings":[{"value":true,"key":"force-invalid-session"},{"value":"survival","key":"last-server"},{"value":"en","key":"language"}],"version":0}' WHERE `ai` = 2" (applied to [last_seen, settings] columns)
[2025/06/18 18:47:46]: §3[nLogin] [DEBUG] [SQLite] [UPDATE]: "UPDATE `nlogin` SET `last_name` = 'Mintyy', `unique_id` = fa937539feac3fb0ab764cf8a4ef5886,  `mojang_id` = null,  `bedrock_id` = null,  `password` = '$2a$10$yS.Whvnt9HpRZEarCJ/pP.hJVx.24.rTFmCdXlJUUTGBG45sNX0U2', `last_ip` = '0:0:0:0:0:0:0:1%0', `creation_date` = 2025-06-18 18:45:33.374, `last_seen` = 2025-06-18 18:47:46.1, `email` = null, `discord` = null, `settings` = '{"settings":[{"value":"survival","key":"last-server"},{"value":"en","key":"language"}],"version":0}' WHERE `ai` = 2" (applied to [last_ip, last_seen, settings] columns)
[2025/06/18 18:47:46]: [nLogin] The user Mintyy has successfully logged in.
[2025/06/18 18:47:46]: §3[nLogin] [DEBUG] [SQLite] [UPDATE]: "UPDATE `nlogin` SET `last_name` = 'ChinmayM_3600', `unique_id` = d688be8886413dbcb5d9b7c5d3992d11,  `mojang_id` = null,  `bedrock_id` = null,  `password` = '$2a$10$5oNb311Y9R/fcI4suJbbmeYmODPfkAENIlQz8EwFhxlVKHsd9bU0S', `last_ip` = '0:0:0:0:0:0:0:1%0', `creation_date` = 2025-06-18 17:02:14.765, `last_seen` = 2025-06-18 18:47:46.689, `email` = null, `discord` = null, `settings` = '{"settings":[{"value":"survival","key":"last-server"},{"value":"en","key":"language"}],"version":0}' WHERE `ai` = 1" (applied to [last_seen, settings] columns)
[2025/06/18 18:48:16]: §3[nLogin] [DEBUG] [SQLite] [UPDATE]: "UPDATE `nlogin` SET `last_name` = 'ChinmayM_3600', `unique_id` = d688be8886413dbcb5d9b7c5d3992d11,  `mojang_id` = null,  `bedrock_id` = null,  `password` = '$2a$10$5oNb311Y9R/fcI4suJbbmeYmODPfkAENIlQz8EwFhxlVKHsd9bU0S', `last_ip` = '0:0:0:0:0:0:0:1%0', `creation_date` = 2025-06-18 17:02:14.765, `last_seen` = 2025-06-18 18:48:16.184, `email` = null, `discord` = null, `settings` = '{"settings":[{"value":"survival","key":"last-server"},{"value":"en","key":"language"}],"version":0}' WHERE `ai` = 1" (applied to [last_ip, last_seen, settings] columns)
[2025/06/18 18:48:16]: [nLogin] The user ChinmayM_3600 has successfully logged in.
[2025/06/18 18:51:09]: §3[nLogin] [DEBUG] [SQLite] [UPDATE]: "UPDATE `nlogin` SET `last_name` = 'Mintyy', `unique_id` = fa937539feac3fb0ab764cf8a4ef5886,  `mojang_id` = null,  `bedrock_id` = null,  `password` = '$2a$10$yS.Whvnt9HpRZEarCJ/pP.hJVx.24.rTFmCdXlJUUTGBG45sNX0U2', `last_ip` = '0:0:0:0:0:0:0:1%0', `creation_date` = 2025-06-18 18:45:33.374, `last_seen` = 2025-06-18 18:51:09.073, `email` = null, `discord` = null, `settings` = '{"settings":[{"value":"survival","key":"last-server"},{"value":"en","key":"language"}],"version":0}' WHERE `ai` = 2" (applied to [last_seen, settings] columns)
[2025/06/18 18:51:19]: §3[nLogin] [DEBUG] [SQLite] [UPDATE]: "UPDATE `nlogin` SET `last_name` = 'Mintyy', `unique_id` = fa937539feac3fb0ab764cf8a4ef5886,  `mojang_id` = null,  `bedrock_id` = null,  `password` = '$2a$10$yS.Whvnt9HpRZEarCJ/pP.hJVx.24.rTFmCdXlJUUTGBG45sNX0U2', `last_ip` = '0:0:0:0:0:0:0:1%0', `creation_date` = 2025-06-18 18:45:33.374, `last_seen` = 2025-06-18 18:51:19.208, `email` = null, `discord` = null, `settings` = '{"settings":[{"value":"survival","key":"last-server"},{"value":"en","key":"language"}],"version":0}' WHERE `ai` = 2" (applied to [last_ip, last_seen, settings] columns)
[2025/06/18 18:51:19]: [nLogin] The user Mintyy has successfully logged in.
[2025/06/18 19:06:17]: §3[nLogin] [DEBUG] [SQLite] [UPDATE]: "UPDATE `nlogin` SET `last_name` = 'Mintyy', `unique_id` = fa937539feac3fb0ab764cf8a4ef5886,  `mojang_id` = null,  `bedrock_id` = null,  `password` = '$2a$10$yS.Whvnt9HpRZEarCJ/pP.hJVx.24.rTFmCdXlJUUTGBG45sNX0U2', `last_ip` = '0:0:0:0:0:0:0:1%0', `creation_date` = 2025-06-18 18:45:33.374, `last_seen` = 2025-06-18 19:06:17.394, `email` = null, `discord` = null, `settings` = '{"settings":[{"value":"survival","key":"last-server"},{"value":"en","key":"language"}],"version":0}' WHERE `ai` = 2" (applied to [last_seen, settings] columns)
[2025/06/18 19:06:17]: §3[nLogin] [DEBUG] [SQLite] [UPDATE]: "UPDATE `nlogin` SET `last_name` = 'ChinmayM_3600', `unique_id` = d688be8886413dbcb5d9b7c5d3992d11,  `mojang_id` = null,  `bedrock_id` = null,  `password` = '$2a$10$5oNb311Y9R/fcI4suJbbmeYmODPfkAENIlQz8EwFhxlVKHsd9bU0S', `last_ip` = '0:0:0:0:0:0:0:1%0', `creation_date` = 2025-06-18 17:02:14.765, `last_seen` = 2025-06-18 19:06:17.574, `email` = null, `discord` = null, `settings` = '{"settings":[{"value":"survival","key":"last-server"},{"value":"en","key":"language"}],"version":0}' WHERE `ai` = 1" (applied to [last_seen, settings] columns)
[2025/06/18 19:06:37]: §3[nLogin] [DEBUG] [SQLite] [UPDATE]: "UPDATE `nlogin` SET `last_name` = 'ChinmayM_3600', `unique_id` = d688be8886413dbcb5d9b7c5d3992d11,  `mojang_id` = null,  `bedrock_id` = null,  `password` = '$2a$10$5oNb311Y9R/fcI4suJbbmeYmODPfkAENIlQz8EwFhxlVKHsd9bU0S', `last_ip` = '0:0:0:0:0:0:0:1%0', `creation_date` = 2025-06-18 17:02:14.765, `last_seen` = 2025-06-18 19:06:37.834, `email` = null, `discord` = null, `settings` = '{"settings":[{"value":"survival","key":"last-server"},{"value":"en","key":"language"}],"version":0}' WHERE `ai` = 1" (applied to [last_ip, last_seen, settings] columns)
[2025/06/18 19:06:37]: [nLogin] The user ChinmayM_3600 has successfully logged in.
[2025/06/18 19:07:04]: §3[nLogin] [DEBUG] [SQLite] [UPDATE]: "UPDATE `nlogin` SET `last_name` = 'ChinmayM_3600', `unique_id` = d688be8886413dbcb5d9b7c5d3992d11,  `mojang_id` = null,  `bedrock_id` = null,  `password` = '$2a$10$5oNb311Y9R/fcI4suJbbmeYmODPfkAENIlQz8EwFhxlVKHsd9bU0S', `last_ip` = '0:0:0:0:0:0:0:1%0', `creation_date` = 2025-06-18 17:02:14.765, `last_seen` = 2025-06-18 19:07:04.434, `email` = null, `discord` = null, `settings` = '{"settings":[{"value":"survival","key":"last-server"},{"value":"en","key":"language"}],"version":0}' WHERE `ai` = 1" (applied to [last_seen, settings] columns)
[2025/06/18 19:38:19]: [nLogin] Successful plugin core shutdown (took 0.00s)
