[22:11:49] [main/INFO] [com.velocitypowered.proxy.VelocityServer]: Booting up Velocity 3.3.0-SNAPSHOT (git-e60e2063-b399)...
[22:11:50] [main/INFO] [com.velocitypowered.proxy.VelocityServer]: Loading localizations...
[22:11:50] [main/INFO] [com.velocitypowered.proxy.network.ConnectionManager]: Connections will use epoll channels, libdeflate (Linux x86_64) compression, OpenSSL 1.1.x (Linux x86_64) ciphers
[22:11:50] [main/WARN] [com.velocitypowered.proxy.config.VelocityConfiguration]: The proxy is running in offline mode! This is a security risk and you will NOT receive any support!
[22:11:50] [main/INFO] [com.velocitypowered.proxy.VelocityServer]: Loading plugins...
[22:11:50] [main/ERROR] [com.velocitypowered.proxy.console.VelocityConsole]: :>:>:>:>:>:>:>:>:>:>:>:>:>:>:>:>:>:>:>:>:>:>:>
[22:11:50] [main/ERROR] [com.velocitypowered.proxy.console.VelocityConsole]: :>  
[22:11:50] [main/ERROR] [com.velocitypowered.proxy.console.VelocityConsole]: :>      EAGLERCRAFTXVELOCITY WARNING:
[22:11:50] [main/ERROR] [com.velocitypowered.proxy.console.VelocityConsole]: :>  
[22:11:50] [main/ERROR] [com.velocitypowered.proxy.console.VelocityConsole]: :>  This plugin wasn't tested to be 'working'
[22:11:50] [main/ERROR] [com.velocitypowered.proxy.console.VelocityConsole]: :>  with ANY version of Velocity (and forks)
[22:11:50] [main/ERROR] [com.velocitypowered.proxy.console.VelocityConsole]: :>  apart from the versions listed below:
[22:11:50] [main/ERROR] [com.velocitypowered.proxy.console.VelocityConsole]: :>  
[22:11:50] [main/ERROR] [com.velocitypowered.proxy.console.VelocityConsole]: :>  - Velocity: 3.3.0-SNAPSHOT:e60e2063:b399
[22:11:50] [main/ERROR] [com.velocitypowered.proxy.console.VelocityConsole]: :>  
[22:11:50] [main/ERROR] [com.velocitypowered.proxy.console.VelocityConsole]: :>  This is not a Bukkit/Spigot plugin!
[22:11:50] [main/ERROR] [com.velocitypowered.proxy.console.VelocityConsole]: :>  
[22:11:50] [main/ERROR] [com.velocitypowered.proxy.console.VelocityConsole]: :>  Use "-Deaglerxvelocity.stfu=true" to hide
[22:11:50] [main/ERROR] [com.velocitypowered.proxy.console.VelocityConsole]: :>  
[22:11:50] [main/ERROR] [com.velocitypowered.proxy.console.VelocityConsole]: :>:>:>:>:>:>:>:>:>:>:>:>:>:>:>:>:>:>:>:>:>:>:>
[22:11:50] [main/INFO] [com.velocitypowered.proxy.plugin.VelocityPluginManager]: Loaded plugin eaglerxvelocity 1.0.5 by lax1dude, ayunami2000
[22:11:50] [main/INFO] [com.velocitypowered.proxy.plugin.VelocityPluginManager]: Loaded plugin nlogin 10.3.28 by NickUC
[22:11:50] [main/INFO] [com.velocitypowered.proxy.VelocityServer]: Loaded 2 plugins
[22:11:50] [Velocity Async Event Executor - #0/WARN] [eaglerxvelocity]: This plugin is still in development, certain features may not be functional!
[22:11:50] [Velocity Async Event Executor - #0/WARN] [eaglerxvelocity]: Not recommended for public servers yet, please check for updates
[22:11:50] [Velocity Async Event Executor - #0/ERROR] [eaglerxvelocity]: Online mode is set to false! Authentication system has been disabled
[22:11:50] [Netty epoll Boss #0/INFO] [eaglerxvelocity]: Eaglercraft is listening on: /0.0.0.0:8081
[22:11:50] [Velocity Async Event Executor - #0/INFO] [eaglerxvelocity]: Connected to database: jdbc:sqlite:eaglercraft_skins_cache.db
[22:11:50] [Velocity Async Event Executor - #0/INFO] [eaglerxvelocity]: Voice chat disabled, add "allow_voice: true" to your listeners to enable
[22:11:51] [EaglerXVelocity: Network Tick Tasks/INFO] [eaglerxvelocity]: Loaded certificate: /workspaces/Bus-SMP/velocity/plugins/eaglerxvelocity/eagcert/$dl.2c63d6a9be9d273db57d50cb026093cb97ea6e54.cert
[22:11:51] [EaglerXVelocity: Network Tick Tasks/INFO] [eaglerxvelocity]: Loaded certificate: /workspaces/Bus-SMP/velocity/plugins/eaglerxvelocity/eagcert/$dl.768b8d74e78d6e63e560abe1ff1ebb2d13e56afa.cert
[22:11:52] [Velocity Async Event Executor - #0/INFO] [nlogin]: Successful plugin core start (took 0.54s)
[22:11:52] [Velocity Async Event Executor - #0/INFO] [com.velocitypowered.proxy.console.VelocityConsole]:           __             _       
[22:11:52] [Velocity Async Event Executor - #0/INFO] [com.velocitypowered.proxy.console.VelocityConsole]:   _ __   / /  ___   __ _(_)_ __  
[22:11:52] [Velocity Async Event Executor - #0/INFO] [com.velocitypowered.proxy.console.VelocityConsole]:  | '_ \ / /  / _ \ / _` | | '_ \ 
[22:11:52] [Velocity Async Event Executor - #0/INFO] [com.velocitypowered.proxy.console.VelocityConsole]:  | | | / /__| (_) | (_| | | | | |
[22:11:52] [Velocity Async Event Executor - #0/INFO] [com.velocitypowered.proxy.console.VelocityConsole]:  |_| |_\____/\___/ \__, |_|_| |_|
[22:11:52] [Velocity Async Event Executor - #0/INFO] [com.velocitypowered.proxy.console.VelocityConsole]:                   |___/            
[22:11:52] [Velocity Async Event Executor - #0/INFO] [com.velocitypowered.proxy.console.VelocityConsole]:  By: www.nickuc.com - V 10.3.28
[22:11:52] [Velocity Async Event Executor - #0/INFO] [com.velocitypowered.proxy.console.VelocityConsole]:  
[22:11:52] [Netty epoll Boss #1/INFO] [com.velocitypowered.proxy.network.ConnectionManager]: Listening on /[0:0:0:0:0:0:0:0%0]:25577
[22:11:52] [main/INFO] [com.velocitypowered.proxy.Velocity]: Done (2.83s)!
[22:11:57] [nLogin - Task Executor #0/INFO] [com.velocitypowered.proxy.console.VelocityConsole]: 
[22:11:57] [nLogin - Task Executor #0/INFO] [com.velocitypowered.proxy.console.VelocityConsole]:  Thank you so much for choosing nLogin! <3
[22:11:57] [nLogin - Task Executor #0/INFO] [com.velocitypowered.proxy.console.VelocityConsole]: 
[22:11:57] [nLogin - Task Executor #0/INFO] [com.velocitypowered.proxy.console.VelocityConsole]:  For your safety, please read the message below:
[22:11:57] [nLogin - Task Executor #0/INFO] [com.velocitypowered.proxy.console.VelocityConsole]:   Never download nLogin from unknown sources.
[22:11:57] [nLogin - Task Executor #0/INFO] [com.velocitypowered.proxy.console.VelocityConsole]:   A modified version may contain malicious software.
[22:11:57] [nLogin - Task Executor #0/INFO] [com.velocitypowered.proxy.console.VelocityConsole]: 
[22:11:57] [nLogin - Task Executor #0/INFO] [com.velocitypowered.proxy.console.VelocityConsole]:  Trusted sources:
[22:11:57] [nLogin - Task Executor #0/INFO] [com.velocitypowered.proxy.console.VelocityConsole]:   www.nickuc.com
[22:11:57] [nLogin - Task Executor #0/INFO] [com.velocitypowered.proxy.console.VelocityConsole]:   www.github.com/nickuc
[22:11:57] [nLogin - Task Executor #0/INFO] [com.velocitypowered.proxy.console.VelocityConsole]:   OpeNLogin installer (from Spigot or GitHub)
[22:11:57] [nLogin - Task Executor #0/INFO] [com.velocitypowered.proxy.console.VelocityConsole]: 
[22:11:57] [nLogin - Task Executor #0/INFO] [com.velocitypowered.proxy.console.VelocityConsole]:  Official support channels:
[22:11:57] [nLogin - Task Executor #0/INFO] [com.velocitypowered.proxy.console.VelocityConsole]:   Discord group: www.nickuc.com/discord
[22:11:57] [nLogin - Task Executor #0/INFO] [com.velocitypowered.proxy.console.VelocityConsole]:   Documentation: docs.nickuc.com/nlogin/
[22:11:57] [nLogin - Task Executor #0/INFO] [com.velocitypowered.proxy.console.VelocityConsole]:   Email: support@nickuc.com
[22:11:57] [nLogin - Task Executor #0/INFO] [com.velocitypowered.proxy.console.VelocityConsole]:   YouTube: youtube.com/nickuc
[22:11:57] [nLogin - Task Executor #0/INFO] [com.velocitypowered.proxy.console.VelocityConsole]: 
[22:11:57] [nLogin - Task Executor #0/INFO] [com.velocitypowered.proxy.console.VelocityConsole]:  To remove this warning, log in with "nlogin.admin" permission on the server
[22:11:57] [nLogin - Task Executor #0/INFO] [com.velocitypowered.proxy.console.VelocityConsole]:  and click the "Setup plugin" button to configure your plugin.
[22:11:57] [nLogin - Task Executor #0/INFO] [com.velocitypowered.proxy.console.VelocityConsole]: 
[22:12:22] [Netty epoll Worker #0/INFO] [eaglerxvelocity]: [/[0:0:0:0:0:0:0:1%0]:45954]: Connected via websocket
[22:12:22] [Netty epoll Worker #0/INFO] [eaglerxvelocity]: [/[0:0:0:0:0:0:0:1%0]:45954]: Origin header is null
[22:12:23] [Netty epoll Worker #0/INFO] [eaglerxvelocity]: [connected player] ChinmayM_3600 (/[0:0:0:0:0:0:0:1%0]:45954) has connected
[22:12:23] [Netty epoll Worker #0/INFO] [com.velocitypowered.proxy.connection.MinecraftConnection]: [server connection] ChinmayM_3600 -> lobby has connected
[22:12:25] [nLogin - Task Executor #0/INFO] [nlogin]: The user ChinmayM_3600 has successfully logged in.
[22:12:25] [Netty epoll Worker #0/INFO] [com.velocitypowered.proxy.connection.MinecraftConnection]: [server connection] ChinmayM_3600 -> survival has connected
[22:12:25] [Netty epoll Worker #0/INFO] [com.velocitypowered.proxy.connection.MinecraftConnection]: [server connection] ChinmayM_3600 -> lobby has disconnected
[22:19:43] [Netty epoll Worker #0/INFO] [com.velocitypowered.proxy.connection.MinecraftConnection]: [connected player] ChinmayM_3600 (/[0:0:0:0:0:0:0:1%0]:45954) has disconnected
[22:19:43] [Netty epoll Worker #0/INFO] [com.velocitypowered.proxy.connection.MinecraftConnection]: [server connection] ChinmayM_3600 -> survival has disconnected
[22:21:59] [Netty epoll Worker #1/INFO] [eaglerxvelocity]: [/[0:0:0:0:0:0:0:1%0]:37198]: Connected via websocket
[22:21:59] [Netty epoll Worker #1/INFO] [eaglerxvelocity]: [/[0:0:0:0:0:0:0:1%0]:37198]: Origin header is null
[22:21:59] [Netty epoll Worker #1/INFO] [eaglerxvelocity]: [connected player] ChinmayM_3600 (/[0:0:0:0:0:0:0:1%0]:37198) has connected
[22:21:59] [Netty epoll Worker #1/INFO] [com.velocitypowered.proxy.connection.MinecraftConnection]: [server connection] ChinmayM_3600 -> lobby has connected
[22:22:07] [nLogin - Task Executor #0/INFO] [nlogin]: The user ChinmayM_3600 has successfully logged in.
[22:22:07] [Netty epoll Worker #1/INFO] [com.velocitypowered.proxy.connection.MinecraftConnection]: [server connection] ChinmayM_3600 -> survival has connected
[22:22:07] [Netty epoll Worker #1/INFO] [com.velocitypowered.proxy.connection.MinecraftConnection]: [server connection] ChinmayM_3600 -> lobby has disconnected
[22:24:35] [Netty epoll Worker #1/INFO] [com.velocitypowered.proxy.connection.client.ConnectedPlayer]: [connected player] ChinmayM_3600 (/[0:0:0:0:0:0:0:1%0]:37198) has disconnected: An internal error occurred in your connection.
[22:24:35] [Netty epoll Worker #1/ERROR] [com.velocitypowered.proxy.connection.MinecraftConnection]: [connected player] ChinmayM_3600 (/[0:0:0:0:0:0:0:1%0]:37198): read timed out
[22:24:35] [Netty epoll Worker #1/INFO] [com.velocitypowered.proxy.connection.MinecraftConnection]: [server connection] ChinmayM_3600 -> survival has disconnected
[22:29:47] [Netty epoll Worker #2/INFO] [eaglerxvelocity]: [/[0:0:0:0:0:0:0:1%0]:38858]: Connected via websocket
[22:29:47] [Netty epoll Worker #2/INFO] [eaglerxvelocity]: [/[0:0:0:0:0:0:0:1%0]:38858]: Origin header is null
[22:29:47] [Netty epoll Worker #2/INFO] [eaglerxvelocity]: [connected player] ChinmayM_3600 (/[0:0:0:0:0:0:0:1%0]:38858) has connected
[22:29:47] [Netty epoll Worker #2/INFO] [com.velocitypowered.proxy.connection.MinecraftConnection]: [server connection] ChinmayM_3600 -> lobby has connected
[22:29:51] [nLogin - Task Executor #0/INFO] [nlogin]: The user ChinmayM_3600 has successfully logged in.
[22:29:52] [Netty epoll Worker #2/INFO] [com.velocitypowered.proxy.connection.MinecraftConnection]: [server connection] ChinmayM_3600 -> survival has connected
[22:29:52] [Netty epoll Worker #2/INFO] [com.velocitypowered.proxy.connection.MinecraftConnection]: [server connection] ChinmayM_3600 -> lobby has disconnected
[22:38:35] [Netty epoll Worker #2/INFO] [com.velocitypowered.proxy.connection.client.ConnectedPlayer]: [connected player] ChinmayM_3600 (/[0:0:0:0:0:0:0:1%0]:38858) has disconnected: An internal error occurred in your connection.
[22:38:35] [Netty epoll Worker #2/ERROR] [com.velocitypowered.proxy.connection.MinecraftConnection]: [connected player] ChinmayM_3600 (/[0:0:0:0:0:0:0:1%0]:38858): read timed out
[22:38:35] [Netty epoll Worker #2/INFO] [com.velocitypowered.proxy.connection.MinecraftConnection]: [server connection] ChinmayM_3600 -> survival has disconnected
[22:52:16] [Shutdown thread/INFO] [com.velocitypowered.proxy.VelocityServer]: Shutting down the proxy...
[22:52:16] [Shutdown thread/INFO] [com.velocitypowered.proxy.network.ConnectionManager]: Closing endpoint /0.0.0.0:25577
[22:52:16] [Velocity Async Event Executor - #0/INFO] [eaglerxvelocity]: Eaglercraft listener closed: /0.0.0.0:8081
[22:52:16] [Velocity Async Event Executor - #0/INFO] [eaglerxvelocity]: Successfully disconnected from database 'jdbc:sqlite:eaglercraft_skins_cache.db'
[22:52:16] [Velocity Async Event Executor - #0/INFO] [nlogin]: Successful plugin core shutdown (took 0.00s)
